#
# There is insufficient memory for the Java Runtime Environment to continue.
# Native memory allocation (mmap) failed to map 200802304 bytes for committing reserved memory.
# Possible reasons:
#   The system is out of physical RAM or swap space
#   In 32 bit mode, the process size limit was hit
# Possible solutions:
#   Reduce memory load on the system
#   Increase physical memory or swap space
#   Check if swap backing store is full
#   Use 64 bit Java on a 64 bit OS
#   Decrease Java heap size (-Xmx/-Xms)
#   Decrease number of Java threads
#   Decrease Java thread stack sizes (-Xss)
#   Set larger code cache with -XX:ReservedCodeCacheSize=
# This output file may be truncated or incomplete.
#
#  Out of Memory Error (os_linux.cpp:2627), pid=12143, tid=0x00007fbe9a0f9700
#
# JRE version: Java(TM) SE Runtime Environment (8.0_121-b13) (build 1.8.0_121-b13)
# Java VM: Java HotSpot(TM) 64-Bit Server VM (25.121-b13 mixed mode linux-amd64 compressed oops)
# Failed to write core dump. Core dumps have been disabled. To enable core dumping, try "ulimit -c unlimited" before starting Java again
#

---------------  T H R E A D  ---------------

Current thread (0x00007fbeb4079000):  VMThread [stack: 0x00007fbe99ff9000,0x00007fbe9a0fa000] [id=12152]

Stack: [0x00007fbe99ff9000,0x00007fbe9a0fa000],  sp=0x00007fbe9a0f8160,  free space=1020k
Native frames: (J=compiled Java code, j=interpreted, Vv=VM code, C=native code)
V  [libjvm.so+0xac703a]  VMError::report_and_die()+0x2ba
V  [libjvm.so+0x4fc7eb]  report_vm_out_of_memory(char const*, int, unsigned long, VMErrorType, char const*)+0x8b
V  [libjvm.so+0x923c43]  os::Linux::commit_memory_impl(char*, unsigned long, bool)+0x103
V  [libjvm.so+0x924199]  os::pd_commit_memory(char*, unsigned long, unsigned long, bool)+0x29
V  [libjvm.so+0x91e4aa]  os::commit_memory(char*, unsigned long, unsigned long, bool)+0x2a
V  [libjvm.so+0x992f03]  PSVirtualSpace::expand_by(unsigned long)+0x53
V  [libjvm.so+0x994308]  PSYoungGen::resize_generation(unsigned long, unsigned long)+0xf8
V  [libjvm.so+0x993462]  PSYoungGen::resize(unsigned long, unsigned long)+0x22
V  [libjvm.so+0x99073b]  PSScavenge::invoke_no_policy()+0xf3b
V  [libjvm.so+0x990ec1]  PSScavenge::invoke()+0x41
V  [libjvm.so+0x947c10]  ParallelScavengeHeap::failed_mem_allocate(unsigned long)+0x70
V  [libjvm.so+0xac8a57]  VM_ParallelGCFailedAllocation::doit()+0x97
V  [libjvm.so+0xad0535]  VM_Operation::evaluate()+0x55
V  [libjvm.so+0xace90a]  VMThread::evaluate_operation(VM_Operation*)+0xba
V  [libjvm.so+0xacec8e]  VMThread::loop()+0x1ce
V  [libjvm.so+0xacf100]  VMThread::run()+0x70
V  [libjvm.so+0x926268]  java_start(Thread*)+0x108

VM_Operation (0x00007fbebbc4fee0): ParallelGCFailedAllocation, mode: safepoint, requested by thread 0x00007fbeb400b800


---------------  P R O C E S S  ---------------

Java Threads: ( => current thread )
  0x00007fbeb4175000 JavaThread "Monitor Ctrl-Break" daemon [_thread_in_native, id=12171, stack(0x00007fbe99494000,0x00007fbe99595000)]
  0x00007fbeb40d3000 JavaThread "Service Thread" daemon [_thread_blocked, id=12166, stack(0x00007fbe998f2000,0x00007fbe999f3000)]
  0x00007fbeb40bd800 JavaThread "C1 CompilerThread2" daemon [_thread_blocked, id=12165, stack(0x00007fbe999f3000,0x00007fbe99af4000)]
  0x00007fbeb40bc000 JavaThread "C2 CompilerThread1" daemon [_thread_blocked, id=12164, stack(0x00007fbe99af4000,0x00007fbe99bf5000)]
  0x00007fbeb40b9000 JavaThread "C2 CompilerThread0" daemon [_thread_blocked, id=12161, stack(0x00007fbe99bf5000,0x00007fbe99cf6000)]
  0x00007fbeb40b7800 JavaThread "Signal Dispatcher" daemon [_thread_blocked, id=12158, stack(0x00007fbe99cf6000,0x00007fbe99df7000)]
  0x00007fbeb4085000 JavaThread "Finalizer" daemon [_thread_blocked, id=12155, stack(0x00007fbe99df7000,0x00007fbe99ef8000)]
  0x00007fbeb4080800 JavaThread "Reference Handler" daemon [_thread_blocked, id=12154, stack(0x00007fbe99ef8000,0x00007fbe99ff9000)]
  0x00007fbeb400b800 JavaThread "main" [_thread_blocked, id=12146, stack(0x00007fbebbb51000,0x00007fbebbc52000)]

Other Threads:
=>0x00007fbeb4079000 VMThread [stack: 0x00007fbe99ff9000,0x00007fbe9a0fa000] [id=12152]
  0x00007fbeb40d8000 WatcherThread [stack: 0x00007fbe997f1000,0x00007fbe998f2000] [id=12167]

VM state:at safepoint (normal execution)

VM Mutex/Monitor currently owned by a thread:  ([mutex/lock_event])
[0x00007fbeb40070c0] Threads_lock - owner thread: 0x00007fbeb4079000
[0x00007fbeb40075c0] Heap_lock - owner thread: 0x00007fbeb400b800

Heap:
 PSYoungGen      total 470528K, used 219648K [0x000000076cc00000, 0x0000000796e00000, 0x00000007c0000000)
  eden space 250880K, 0% used [0x000000076cc00000,0x000000076cc00000,0x000000077c100000)
  from space 219648K, 100% used [0x0000000789780000,0x0000000796e00000,0x0000000796e00000)
  to   space 10240K, 0% used [0x000000077c800000,0x000000077c800000,0x000000077d200000)
 ParOldGen       total 760320K, used 358513K [0x00000006c6400000, 0x00000006f4a80000, 0x000000076cc00000)
  object space 760320K, 47% used [0x00000006c6400000,0x00000006dc21c658,0x00000006f4a80000)
 Metaspace       used 3194K, capacity 4498K, committed 4864K, reserved 1056768K
  class space    used 353K, capacity 386K, committed 512K, reserved 1048576K

Card table byte_map: [0x00007fbea4831000,0x00007fbea5000000] byte_map_base: 0x00007fbea11ff000

Marking Bits: (ParMarkBitMap*) 0x00007fbebb02dc80
 Begin Bits: [0x00007fbe9c31a000, 0x00007fbea018a000)
 End Bits:   [0x00007fbea018a000, 0x00007fbea3ffa000)

Polling page: 0x00007fbebbc77000

CodeCache: size=245760Kb used=1229Kb max_used=1243Kb free=244530Kb
 bounds [0x00007fbea5000000, 0x00007fbea5270000, 0x00007fbeb4000000]
 total_blobs=310 nmethods=72 adapters=152
 compilation: enabled

Compilation events (10 events):
Event: 1.110 Thread 0x00007fbeb40b9000   68 %     4       Solutions.powerhungrycows::main @ 142 (328 bytes)
Event: 1.224 Thread 0x00007fbeb40b9000 nmethod 68% 0x00007fbea511e490 code [0x00007fbea511e6a0, 0x00007fbea511f0f8]
Event: 1.228 Thread 0x00007fbeb40bc000   69 %     4       Solutions.powerhungrycows::main @ 90 (328 bytes)
Event: 1.348 Thread 0x00007fbeb40bc000 nmethod 69% 0x00007fbea512e010 code [0x00007fbea512e200, 0x00007fbea512ec18]
Event: 1.348 Thread 0x00007fbeb40bd800   70 %     3       Solutions.powerhungrycows::main @ 142 (328 bytes)
Event: 1.354 Thread 0x00007fbeb40bd800 nmethod 70% 0x00007fbea512f5d0 code [0x00007fbea512fac0, 0x00007fbea5132298]
Event: 44.883 Thread 0x00007fbeb40b9000   71 %     4       Solutions.powerhungrycows::main @ 90 (328 bytes)
Event: 44.984 Thread 0x00007fbeb40b9000 nmethod 71% 0x00007fbea5134490 code [0x00007fbea5134680, 0x00007fbea5135078]
Event: 45.001 Thread 0x00007fbeb40bc000   72 %     4       Solutions.powerhungrycows::main @ 142 (328 bytes)
Event: 45.098 Thread 0x00007fbeb40bc000 nmethod 72% 0x00007fbea51359d0 code [0x00007fbea5135be0, 0x00007fbea5136678]

GC Heap History (10 events):
Event: 15.088 GC heap after
Heap after GC invocations=4 (full 1):
 PSYoungGen      total 139264K, used 0K [0x000000076cc00000, 0x000000077dc00000, 0x00000007c0000000)
  eden space 129024K, 0% used [0x000000076cc00000,0x000000076cc00000,0x0000000774a00000)
  from space 10240K, 0% used [0x0000000774a00000,0x0000000774a00000,0x0000000775400000)
  to   space 10240K, 0% used [0x000000077d200000,0x000000077d200000,0x000000077dc00000)
 ParOldGen       total 390144K, used 151214K [0x00000006c6400000, 0x00000006de100000, 0x000000076cc00000)
  object space 390144K, 38% used [0x00000006c6400000,0x00000006cf7abb30,0x00000006de100000)
 Metaspace       used 3194K, capacity 4498K, committed 4864K, reserved 1056768K
  class space    used 353K, capacity 386K, committed 512K, reserved 1048576K
}
Event: 16.760 GC heap before
{Heap before GC invocations=5 (full 1):
 PSYoungGen      total 139264K, used 129024K [0x000000076cc00000, 0x000000077dc00000, 0x00000007c0000000)
  eden space 129024K, 100% used [0x000000076cc00000,0x0000000774a00000,0x0000000774a00000)
  from space 10240K, 0% used [0x0000000774a00000,0x0000000774a00000,0x0000000775400000)
  to   space 10240K, 0% used [0x000000077d200000,0x000000077d200000,0x000000077dc00000)
 ParOldGen       total 390144K, used 151214K [0x00000006c6400000, 0x00000006de100000, 0x000000076cc00000)
  object space 390144K, 38% used [0x00000006c6400000,0x00000006cf7abb30,0x00000006de100000)
 Metaspace       used 3194K, capacity 4498K, committed 4864K, reserved 1056768K
  class space    used 353K, capacity 386K, committed 512K, reserved 1048576K
Event: 18.346 GC heap after
Heap after GC invocations=5 (full 1):
 PSYoungGen      total 198144K, used 10240K [0x000000076cc00000, 0x000000077dc00000, 0x00000007c0000000)
  eden space 187904K, 0% used [0x000000076cc00000,0x000000076cc00000,0x0000000778380000)
  from space 10240K, 100% used [0x000000077d200000,0x000000077dc00000,0x000000077dc00000)
  to   space 10240K, 0% used [0x000000077c800000,0x000000077c800000,0x000000077d200000)
 ParOldGen       total 390144K, used 267894K [0x00000006c6400000, 0x00000006de100000, 0x000000076cc00000)
  object space 390144K, 68% used [0x00000006c6400000,0x00000006d699db30,0x00000006de100000)
 Metaspace       used 3194K, capacity 4498K, committed 4864K, reserved 1056768K
  class space    used 353K, capacity 386K, committed 512K, reserved 1048576K
}
Event: 18.346 GC heap before
{Heap before GC invocations=6 (full 2):
 PSYoungGen      total 198144K, used 10240K [0x000000076cc00000, 0x000000077dc00000, 0x00000007c0000000)
  eden space 187904K, 0% used [0x000000076cc00000,0x000000076cc00000,0x0000000778380000)
  from space 10240K, 100% used [0x000000077d200000,0x000000077dc00000,0x000000077dc00000)
  to   space 10240K, 0% used [0x000000077c800000,0x000000077c800000,0x000000077d200000)
 ParOldGen       total 390144K, used 267894K [0x00000006c6400000, 0x00000006de100000, 0x000000076cc00000)
  object space 390144K, 68% used [0x00000006c6400000,0x00000006d699db30,0x00000006de100000)
 Metaspace       used 3194K, capacity 4498K, committed 4864K, reserved 1056768K
  class space    used 353K, capacity 386K, committed 512K, reserved 1048576K
Event: 28.793 GC heap after
Heap after GC invocations=6 (full 2):
 PSYoungGen      total 198144K, used 0K [0x000000076cc00000, 0x000000077dc00000, 0x00000007c0000000)
  eden space 187904K, 0% used [0x000000076cc00000,0x000000076cc00000,0x0000000778380000)
  from space 10240K, 0% used [0x000000077d200000,0x000000077d200000,0x000000077dc00000)
  to   space 10240K, 0% used [0x000000077c800000,0x000000077c800000,0x000000077d200000)
 ParOldGen       total 541184K, used 222199K [0x00000006c6400000, 0x00000006e7480000, 0x000000076cc00000)
  object space 541184K, 41% used [0x00000006c6400000,0x00000006d3cfdf48,0x00000006e7480000)
 Metaspace       used 3194K, capacity 4498K, committed 4864K, reserved 1056768K
  class space    used 353K, capacity 386K, committed 512K, reserved 1048576K
}
Event: 31.119 GC heap before
{Heap before GC invocations=7 (full 2):
 PSYoungGen      total 198144K, used 187904K [0x000000076cc00000, 0x000000077dc00000, 0x00000007c0000000)
  eden space 187904K, 100% used [0x000000076cc00000,0x0000000778380000,0x0000000778380000)
  from space 10240K, 0% used [0x000000077d200000,0x000000077d200000,0x000000077dc00000)
  to   space 10240K, 0% used [0x000000077c800000,0x000000077c800000,0x000000077d200000)
 ParOldGen       total 541184K, used 222199K [0x00000006c6400000, 0x00000006e7480000, 0x000000076cc00000)
  object space 541184K, 41% used [0x00000006c6400000,0x00000006d3cfdf48,0x00000006e7480000)
 Metaspace       used 3194K, capacity 4498K, committed 4864K, reserved 1056768K
  class space    used 353K, capacity 386K, committed 512K, reserved 1048576K
Event: 33.138 GC heap after
Heap after GC invocations=7 (full 2):
 PSYoungGen      total 261120K, used 10240K [0x000000076cc00000, 0x0000000796e00000, 0x00000007c0000000)
  eden space 250880K, 0% used [0x000000076cc00000,0x000000076cc00000,0x000000077c100000)
  from space 10240K, 100% used [0x000000077c800000,0x000000077d200000,0x000000077d200000)
  to   space 219648K, 0% used [0x0000000789780000,0x0000000789780000,0x0000000796e00000)
 ParOldGen       total 541184K, used 400591K [0x00000006c6400000, 0x00000006e7480000, 0x000000076cc00000)
  object space 541184K, 74% used [0x00000006c6400000,0x00000006deb33f48,0x00000006e7480000)
 Metaspace       used 3194K, capacity 4498K, committed 4864K, reserved 1056768K
  class space    used 353K, capacity 386K, committed 512K, reserved 1048576K
}
Event: 33.138 GC heap before
{Heap before GC invocations=8 (full 3):
 PSYoungGen      total 261120K, used 10240K [0x000000076cc00000, 0x0000000796e00000, 0x00000007c0000000)
  eden space 250880K, 0% used [0x000000076cc00000,0x000000076cc00000,0x000000077c100000)
  from space 10240K, 100% used [0x000000077c800000,0x000000077d200000,0x000000077d200000)
  to   space 219648K, 0% used [0x0000000789780000,0x0000000789780000,0x0000000796e00000)
 ParOldGen       total 541184K, used 400591K [0x00000006c6400000, 0x00000006e7480000, 0x000000076cc00000)
  object space 541184K, 74% used [0x00000006c6400000,0x00000006deb33f48,0x00000006e7480000)
 Metaspace       used 3194K, capacity 4498K, committed 4864K, reserved 1056768K
  class space    used 353K, capacity 386K, committed 512K, reserved 1048576K
Event: 43.404 GC heap after
Heap after GC invocations=8 (full 3):
 PSYoungGen      total 261120K, used 0K [0x000000076cc00000, 0x0000000796e00000, 0x00000007c0000000)
  eden space 250880K, 0% used [0x000000076cc00000,0x000000076cc00000,0x000000077c100000)
  from space 10240K, 0% used [0x000000077c800000,0x000000077c800000,0x000000077d200000)
  to   space 219648K, 0% used [0x0000000789780000,0x0000000789780000,0x0000000796e00000)
 ParOldGen       total 760320K, used 326929K [0x00000006c6400000, 0x00000006f4a80000, 0x000000076cc00000)
  object space 760320K, 42% used [0x00000006c6400000,0x00000006da344658,0x00000006f4a80000)
 Metaspace       used 3194K, capacity 4498K, committed 4864K, reserved 1056768K
  class space    used 353K, capacity 386K, committed 512K, reserved 1048576K
}
Event: 46.575 GC heap before
{Heap before GC invocations=9 (full 3):
 PSYoungGen      total 261120K, used 250880K [0x000000076cc00000, 0x0000000796e00000, 0x00000007c0000000)
  eden space 250880K, 100% used [0x000000076cc00000,0x000000077c100000,0x000000077c100000)
  from space 10240K, 0% used [0x000000077c800000,0x000000077c800000,0x000000077d200000)
  to   space 219648K, 0% used [0x0000000789780000,0x0000000789780000,0x0000000796e00000)
 ParOldGen       total 760320K, used 326929K [0x00000006c6400000, 0x00000006f4a80000, 0x000000076cc00000)
  object space 760320K, 42% used [0x00000006c6400000,0x00000006da344658,0x00000006f4a80000)
 Metaspace       used 3194K, capacity 4498K, committed 4864K, reserved 1056768K
  class space    used 353K, capacity 386K, committed 512K, reserved 1048576K

Deoptimization events (2 events):
Event: 1.238 Thread 0x00007fbeb400b800 Uncommon trap: reason=unstable_if action=reinterpret pc=0x00007fbea511ee34 method=Solutions.powerhungrycows.main([Ljava/lang/String;)V @ 234
Event: 44.871 Thread 0x00007fbeb400b800 Uncommon trap: reason=unstable_if action=reinterpret pc=0x00007fbea512e99c method=Solutions.powerhungrycows.main([Ljava/lang/String;)V @ 226

Internal exceptions (2 events):
Event: 0.227 Thread 0x00007fbeb400b800 Exception <a 'java/lang/NoSuchMethodError': Method sun.misc.Unsafe.defineClass(Ljava/lang/String;[BII)Ljava/lang/Class; name or signature does not match> (0x000000076cc07ca8) thrown at [/HUDSON3/workspace/8-2-build-linux-amd64/jdk8u121/8372/hotspot/src/sh
Event: 0.227 Thread 0x00007fbeb400b800 Exception <a 'java/lang/NoSuchMethodError': Method sun.misc.Unsafe.prefetchRead(Ljava/lang/Object;J)V name or signature does not match> (0x000000076cc07f90) thrown at [/HUDSON3/workspace/8-2-build-linux-amd64/jdk8u121/8372/hotspot/src/share/vm/prims/jni.c

Events (10 events):
Event: 16.760 Executing VM operation: ParallelGCFailedAllocation
Event: 28.793 Executing VM operation: ParallelGCFailedAllocation done
Event: 31.119 Executing VM operation: ParallelGCFailedAllocation
Event: 43.405 Executing VM operation: ParallelGCFailedAllocation done
Event: 44.871 Thread 0x00007fbeb400b800 Uncommon trap: trap_request=0xffffff65 fr.pc=0x00007fbea512e99c
Event: 44.871 Thread 0x00007fbeb400b800 DEOPT PACKING pc=0x00007fbea512e99c sp=0x00007fbebbc50060
Event: 44.872 Thread 0x00007fbeb400b800 DEOPT UNPACKING pc=0x00007fbea5005229 sp=0x00007fbebbc50020 mode 2
Event: 45.012 Thread 0x00007fbeb400b800 DEOPT PACKING pc=0x00007fbea5131f43 sp=0x00007fbebbc4ff50
Event: 45.012 Thread 0x00007fbeb400b800 DEOPT UNPACKING pc=0x00007fbea5047633 sp=0x00007fbebbc4fda0 mode 0
Event: 46.575 Executing VM operation: ParallelGCFailedAllocation


Dynamic libraries:
00400000-00401000 r-xp 00000000 08:01 4208222                            /usr/lib/jvm/java-8-oracle/bin/java
00600000-00601000 rw-p 00000000 08:01 4208222                            /usr/lib/jvm/java-8-oracle/bin/java
00fcf000-00ff0000 rw-p 00000000 00:00 0                                  [heap]
6c6400000-6f4a80000 rw-p 00000000 00:00 0 
6f4a80000-76cc00000 ---p 00000000 00:00 0 
76cc00000-796e00000 rw-p 00000000 00:00 0 
7a2d80000-7c0000000 ---p 00000000 00:00 0 
7c0000000-7c0080000 rw-p 00000000 00:00 0 
7c0080000-800000000 ---p 00000000 00:00 0 
7fbe5c000000-7fbe5c021000 rw-p 00000000 00:00 0 
7fbe5c021000-7fbe60000000 ---p 00000000 00:00 0 
7fbe64000000-7fbe64021000 rw-p 00000000 00:00 0 
7fbe64021000-7fbe68000000 ---p 00000000 00:00 0 
7fbe68000000-7fbe68021000 rw-p 00000000 00:00 0 
7fbe68021000-7fbe6c000000 ---p 00000000 00:00 0 
7fbe6c000000-7fbe6c041000 rw-p 00000000 00:00 0 
7fbe6c041000-7fbe70000000 ---p 00000000 00:00 0 
7fbe70000000-7fbe700b4000 rw-p 00000000 00:00 0 
7fbe700b4000-7fbe74000000 ---p 00000000 00:00 0 
7fbe74000000-7fbe74021000 rw-p 00000000 00:00 0 
7fbe74021000-7fbe78000000 ---p 00000000 00:00 0 
7fbe78000000-7fbe7814d000 rw-p 00000000 00:00 0 
7fbe7814d000-7fbe7c000000 ---p 00000000 00:00 0 
7fbe7c000000-7fbe7c021000 rw-p 00000000 00:00 0 
7fbe7c021000-7fbe80000000 ---p 00000000 00:00 0 
7fbe80000000-7fbe80021000 rw-p 00000000 00:00 0 
7fbe80021000-7fbe84000000 ---p 00000000 00:00 0 
7fbe84000000-7fbe84021000 rw-p 00000000 00:00 0 
7fbe84021000-7fbe88000000 ---p 00000000 00:00 0 
7fbe88000000-7fbe88021000 rw-p 00000000 00:00 0 
7fbe88021000-7fbe8c000000 ---p 00000000 00:00 0 
7fbe8c000000-7fbe8c021000 rw-p 00000000 00:00 0 
7fbe8c021000-7fbe90000000 ---p 00000000 00:00 0 
7fbe90000000-7fbe90021000 rw-p 00000000 00:00 0 
7fbe90021000-7fbe94000000 ---p 00000000 00:00 0 
7fbe94000000-7fbe94021000 rw-p 00000000 00:00 0 
7fbe94021000-7fbe98000000 ---p 00000000 00:00 0 
7fbe98fc5000-7fbe9927d000 rw-p 00000000 00:00 0 
7fbe9927d000-7fbe99293000 r-xp 00000000 08:01 4221785                    /usr/lib/jvm/java-8-oracle/jre/lib/amd64/libnet.so
7fbe99293000-7fbe99493000 ---p 00016000 08:01 4221785                    /usr/lib/jvm/java-8-oracle/jre/lib/amd64/libnet.so
7fbe99493000-7fbe99494000 rw-p 00016000 08:01 4221785                    /usr/lib/jvm/java-8-oracle/jre/lib/amd64/libnet.so
7fbe99494000-7fbe99497000 ---p 00000000 00:00 0 
7fbe99497000-7fbe99595000 rw-p 00000000 00:00 0 
7fbe99595000-7fbe99596000 r-xp 00000000 00:22 77544987                   /share/instsww/pkg/idea-IC-143.1184.17/bin/libbreakgen64.so
7fbe99596000-7fbe99795000 ---p 00001000 00:22 77544987                   /share/instsww/pkg/idea-IC-143.1184.17/bin/libbreakgen64.so
7fbe99795000-7fbe99796000 r--p 00000000 00:22 77544987                   /share/instsww/pkg/idea-IC-143.1184.17/bin/libbreakgen64.so
7fbe99796000-7fbe99797000 rw-p 00001000 00:22 77544987                   /share/instsww/pkg/idea-IC-143.1184.17/bin/libbreakgen64.so
7fbe99797000-7fbe99799000 r--s 0001e000 00:22 1694264                    /share/instsww/pkg/idea-IC-143.1184.17/lib/idea_rt.jar
7fbe99799000-7fbe997a1000 r--s 00045000 00:21 92463647                   /home/cc/cs61b/sp17/class/cs61b-ccb/Competitive-Programming/Java_Solutions/javalib/junit-4.12.jar
7fbe997a1000-7fbe997b1000 r--s 001d4000 00:21 92463636                   /home/cc/cs61b/sp17/class/cs61b-ccb/Competitive-Programming/Java_Solutions/javalib/algs4.jar
7fbe997b1000-7fbe997c4000 r--s 00345000 08:01 4215278                    /usr/lib/jvm/java-8-oracle/jre/lib/resources.jar
7fbe997c4000-7fbe997d6000 r--s 000d6000 08:01 4214935                    /usr/lib/jvm/java-8-oracle/jre/lib/plugin.jar
7fbe997d6000-7fbe997f1000 r--s 00209000 08:01 4215286                    /usr/lib/jvm/java-8-oracle/jre/lib/deploy.jar
7fbe997f1000-7fbe997f2000 ---p 00000000 00:00 0 
7fbe997f2000-7fbe998f2000 rw-p 00000000 00:00 0 
7fbe998f2000-7fbe998f5000 ---p 00000000 00:00 0 
7fbe998f5000-7fbe999f3000 rw-p 00000000 00:00 0 
7fbe999f3000-7fbe999f6000 ---p 00000000 00:00 0 
7fbe999f6000-7fbe99af4000 rw-p 00000000 00:00 0 
7fbe99af4000-7fbe99af7000 ---p 00000000 00:00 0 
7fbe99af7000-7fbe99bf5000 rw-p 00000000 00:00 0 
7fbe99bf5000-7fbe99bf8000 ---p 00000000 00:00 0 
7fbe99bf8000-7fbe99cf6000 rw-p 00000000 00:00 0 
7fbe99cf6000-7fbe99cf9000 ---p 00000000 00:00 0 
7fbe99cf9000-7fbe99df7000 rw-p 00000000 00:00 0 
7fbe99df7000-7fbe99dfa000 ---p 00000000 00:00 0 
7fbe99dfa000-7fbe99ef8000 rw-p 00000000 00:00 0 
7fbe99ef8000-7fbe99efb000 ---p 00000000 00:00 0 
7fbe99efb000-7fbe99ff9000 rw-p 00000000 00:00 0 
7fbe99ff9000-7fbe99ffa000 ---p 00000000 00:00 0 
7fbe99ffa000-7fbe9b0fd000 rw-p 00000000 00:00 0 
7fbe9b0fd000-7fbe9b2d6000 r--s 03d3e000 08:01 4215288                    /usr/lib/jvm/java-8-oracle/jre/lib/rt.jar
7fbe9b2d6000-7fbe9b78c000 rw-p 00000000 00:00 0 
7fbe9b78c000-7fbe9bb4c000 ---p 00000000 00:00 0 
7fbe9bb4c000-7fbea3ffa000 rw-p 00000000 00:00 0 
7fbea3ffa000-7fbea3ffb000 ---p 00000000 00:00 0 
7fbea3ffb000-7fbea40fb000 rw-p 00000000 00:00 0 
7fbea40fb000-7fbea40fc000 ---p 00000000 00:00 0 
7fbea40fc000-7fbea41fc000 rw-p 00000000 00:00 0 
7fbea41fc000-7fbea41fd000 ---p 00000000 00:00 0 
7fbea41fd000-7fbea4471000 rw-p 00000000 00:00 0 
7fbea4471000-7fbea4831000 ---p 00000000 00:00 0 
7fbea4831000-7fbea49a5000 rw-p 00000000 00:00 0 
7fbea49a5000-7fbea4d65000 ---p 00000000 00:00 0 
7fbea4d65000-7fbea4eb6000 rw-p 00000000 00:00 0 
7fbea4eb6000-7fbea4fff000 ---p 00000000 00:00 0 
7fbea4fff000-7fbea5000000 rw-p 00000000 00:00 0 
7fbea5000000-7fbea5270000 rwxp 00000000 00:00 0 
7fbea5270000-7fbeb4000000 ---p 00000000 00:00 0 
7fbeb4000000-7fbeb4185000 rw-p 00000000 00:00 0 
7fbeb4185000-7fbeb8000000 ---p 00000000 00:00 0 
7fbeb8000000-7fbeb8001000 rw-p 00000000 00:00 0 
7fbeb8001000-7fbeb8003000 r--s 00009000 00:21 92463641                   /home/cc/cs61b/sp17/class/cs61b-ccb/Competitive-Programming/Java_Solutions/javalib/hamcrest-core-1.3.jar
7fbeb8003000-7fbeb8005000 r--s 00021000 00:21 92463649                   /home/cc/cs61b/sp17/class/cs61b-ccb/Competitive-Programming/Java_Solutions/javalib/stdlib-package.jar
7fbeb8005000-7fbeb8006000 r--s 0002d000 00:21 93075480                   /home/cc/cs61b/sp17/class/cs61b-ccb/Competitive-Programming/Java_Solutions/javalib/stdlib.jar
7fbeb8006000-7fbeb800a000 r--s 0009a000 08:01 4223487                    /usr/lib/jvm/java-8-oracle/jre/lib/jsse.jar
7fbeb800a000-7fbeb800b000 ---p 00000000 00:00 0 
7fbeb800b000-7fbeb8115000 rw-p 00000000 00:00 0 
7fbeb8115000-7fbeb84cb000 ---p 00000000 00:00 0 
7fbeb84cb000-7fbeb84e5000 r-xp 00000000 08:01 4221944                    /usr/lib/jvm/java-8-oracle/jre/lib/amd64/libzip.so
7fbeb84e5000-7fbeb86e5000 ---p 0001a000 08:01 4221944                    /usr/lib/jvm/java-8-oracle/jre/lib/amd64/libzip.so
7fbeb86e5000-7fbeb86e6000 rw-p 0001a000 08:01 4221944                    /usr/lib/jvm/java-8-oracle/jre/lib/amd64/libzip.so
7fbeb86e6000-7fbeb8d64000 r--s 00000000 08:01 788739                     /var/lib/sss/mc/passwd
7fbeb8d64000-7fbeb8d6b000 r-xp 00000000 08:01 8262546                    /lib/x86_64-linux-gnu/libnss_sss.so.2
7fbeb8d6b000-7fbeb8f6b000 ---p 00007000 08:01 8262546                    /lib/x86_64-linux-gnu/libnss_sss.so.2
7fbeb8f6b000-7fbeb8f6c000 r--p 00007000 08:01 8262546                    /lib/x86_64-linux-gnu/libnss_sss.so.2
7fbeb8f6c000-7fbeb8f6d000 rw-p 00008000 08:01 8262546                    /lib/x86_64-linux-gnu/libnss_sss.so.2
7fbeb8f6d000-7fbeb9108000 r-xp 00000000 08:01 4328751                    /usr/lib/x86_64-linux-gnu/libdb-5.3.so
7fbeb9108000-7fbeb9307000 ---p 0019b000 08:01 4328751                    /usr/lib/x86_64-linux-gnu/libdb-5.3.so
7fbeb9307000-7fbeb930e000 r--p 0019a000 08:01 4328751                    /usr/lib/x86_64-linux-gnu/libdb-5.3.so
7fbeb930e000-7fbeb930f000 rw-p 001a1000 08:01 4328751                    /usr/lib/x86_64-linux-gnu/libdb-5.3.so
7fbeb930f000-7fbeb9315000 r-xp 00000000 08:01 4194741                    /usr/lib/libnss_db-2.2.3.so
7fbeb9315000-7fbeb9514000 ---p 00006000 08:01 4194741                    /usr/lib/libnss_db-2.2.3.so
7fbeb9514000-7fbeb9515000 r--p 00005000 08:01 4194741                    /usr/lib/libnss_db-2.2.3.so
7fbeb9515000-7fbeb9516000 rw-p 00006000 08:01 4194741                    /usr/lib/libnss_db-2.2.3.so
7fbeb9516000-7fbeb9520000 r-xp 00000000 08:01 8258092                    /lib/x86_64-linux-gnu/libnss_files-2.19.so
7fbeb9520000-7fbeb971f000 ---p 0000a000 08:01 8258092                    /lib/x86_64-linux-gnu/libnss_files-2.19.so
7fbeb971f000-7fbeb9720000 r--p 00009000 08:01 8258092                    /lib/x86_64-linux-gnu/libnss_files-2.19.so
7fbeb9720000-7fbeb9721000 rw-p 0000a000 08:01 8258092                    /lib/x86_64-linux-gnu/libnss_files-2.19.so
7fbeb9721000-7fbeb974c000 r-xp 00000000 08:01 4218650                    /usr/lib/jvm/java-8-oracle/jre/lib/amd64/libjava.so
7fbeb974c000-7fbeb994b000 ---p 0002b000 08:01 4218650                    /usr/lib/jvm/java-8-oracle/jre/lib/amd64/libjava.so
7fbeb994b000-7fbeb994d000 rw-p 0002a000 08:01 4218650                    /usr/lib/jvm/java-8-oracle/jre/lib/amd64/libjava.so
7fbeb994d000-7fbeb995a000 r-xp 00000000 08:01 4221946                    /usr/lib/jvm/java-8-oracle/jre/lib/amd64/libverify.so
7fbeb995a000-7fbeb9b59000 ---p 0000d000 08:01 4221946                    /usr/lib/jvm/java-8-oracle/jre/lib/amd64/libverify.so
7fbeb9b59000-7fbeb9b5b000 rw-p 0000c000 08:01 4221946                    /usr/lib/jvm/java-8-oracle/jre/lib/amd64/libverify.so
7fbeb9b5b000-7fbeb9b62000 r-xp 00000000 08:01 8258084                    /lib/x86_64-linux-gnu/librt-2.19.so
7fbeb9b62000-7fbeb9d61000 ---p 00007000 08:01 8258084                    /lib/x86_64-linux-gnu/librt-2.19.so
7fbeb9d61000-7fbeb9d62000 r--p 00006000 08:01 8258084                    /lib/x86_64-linux-gnu/librt-2.19.so
7fbeb9d62000-7fbeb9d63000 rw-p 00007000 08:01 8258084                    /lib/x86_64-linux-gnu/librt-2.19.so
7fbeb9d63000-7fbeb9e68000 r-xp 00000000 08:01 8257881                    /lib/x86_64-linux-gnu/libm-2.19.so
7fbeb9e68000-7fbeba067000 ---p 00105000 08:01 8257881                    /lib/x86_64-linux-gnu/libm-2.19.so
7fbeba067000-7fbeba068000 r--p 00104000 08:01 8257881                    /lib/x86_64-linux-gnu/libm-2.19.so
7fbeba068000-7fbeba069000 rw-p 00105000 08:01 8257881                    /lib/x86_64-linux-gnu/libm-2.19.so
7fbeba069000-7fbebad37000 r-xp 00000000 08:01 4222163                    /usr/lib/jvm/java-8-oracle/jre/lib/amd64/server/libjvm.so
7fbebad37000-7fbebaf37000 ---p 00cce000 08:01 4222163                    /usr/lib/jvm/java-8-oracle/jre/lib/amd64/server/libjvm.so
7fbebaf37000-7fbebb010000 rw-p 00cce000 08:01 4222163                    /usr/lib/jvm/java-8-oracle/jre/lib/amd64/server/libjvm.so
7fbebb010000-7fbebb05b000 rw-p 00000000 00:00 0 
7fbebb05b000-7fbebb215000 r-xp 00000000 08:01 8258086                    /lib/x86_64-linux-gnu/libc-2.19.so
7fbebb215000-7fbebb415000 ---p 001ba000 08:01 8258086                    /lib/x86_64-linux-gnu/libc-2.19.so
7fbebb415000-7fbebb419000 r--p 001ba000 08:01 8258086                    /lib/x86_64-linux-gnu/libc-2.19.so
7fbebb419000-7fbebb41b000 rw-p 001be000 08:01 8258086                    /lib/x86_64-linux-gnu/libc-2.19.so
7fbebb41b000-7fbebb420000 rw-p 00000000 00:00 0 
7fbebb420000-7fbebb423000 r-xp 00000000 08:01 8257903                    /lib/x86_64-linux-gnu/libdl-2.19.so
7fbebb423000-7fbebb622000 ---p 00003000 08:01 8257903                    /lib/x86_64-linux-gnu/libdl-2.19.so
7fbebb622000-7fbebb623000 r--p 00002000 08:01 8257903                    /lib/x86_64-linux-gnu/libdl-2.19.so
7fbebb623000-7fbebb624000 rw-p 00003000 08:01 8257903                    /lib/x86_64-linux-gnu/libdl-2.19.so
7fbebb624000-7fbebb639000 r-xp 00000000 08:01 4337833                    /usr/lib/jvm/java-8-oracle/lib/amd64/jli/libjli.so
7fbebb639000-7fbebb839000 ---p 00015000 08:01 4337833                    /usr/lib/jvm/java-8-oracle/lib/amd64/jli/libjli.so
7fbebb839000-7fbebb83a000 rw-p 00015000 08:01 4337833                    /usr/lib/jvm/java-8-oracle/lib/amd64/jli/libjli.so
7fbebb83a000-7fbebb853000 r-xp 00000000 08:01 8258070                    /lib/x86_64-linux-gnu/libpthread-2.19.so
7fbebb853000-7fbebba52000 ---p 00019000 08:01 8258070                    /lib/x86_64-linux-gnu/libpthread-2.19.so
7fbebba52000-7fbebba53000 r--p 00018000 08:01 8258070                    /lib/x86_64-linux-gnu/libpthread-2.19.so
7fbebba53000-7fbebba54000 rw-p 00019000 08:01 8258070                    /lib/x86_64-linux-gnu/libpthread-2.19.so
7fbebba54000-7fbebba58000 rw-p 00000000 00:00 0 
7fbebba58000-7fbebba7b000 r-xp 00000000 08:01 8258072                    /lib/x86_64-linux-gnu/ld-2.19.so
7fbebba7b000-7fbebba7d000 r--s 0000a000 00:21 92463645                   /home/cc/cs61b/sp17/class/cs61b-ccb/Competitive-Programming/Java_Solutions/javalib/jh61b.jar
7fbebba7d000-7fbebba7f000 r--s 00007000 08:01 4215289                    /usr/lib/jvm/java-8-oracle/jre/lib/jfxswt.jar
7fbebba7f000-7fbebbb51000 rw-p 00000000 00:00 0 
7fbebbb51000-7fbebbb54000 ---p 00000000 00:00 0 
7fbebbb54000-7fbebbc56000 rw-p 00000000 00:00 0 
7fbebbc56000-7fbebbc57000 r--s 00000000 08:01 4212361                    /usr/lib/jvm/java-8-oracle/jre/lib/management-agent.jar
7fbebbc57000-7fbebbc5c000 r--s 00084000 08:01 4217538                    /usr/lib/jvm/java-8-oracle/jre/lib/jfr.jar
7fbebbc5c000-7fbebbc5f000 r--s 0001a000 08:01 4214938                    /usr/lib/jvm/java-8-oracle/jre/lib/jce.jar
7fbebbc5f000-7fbebbc69000 r--s 0006c000 08:01 4214922                    /usr/lib/jvm/java-8-oracle/jre/lib/javaws.jar
7fbebbc69000-7fbebbc6e000 r--s 002f9000 08:01 4212360                    /usr/lib/jvm/java-8-oracle/jre/lib/charsets.jar
7fbebbc6e000-7fbebbc76000 rw-s 00000000 08:01 8263541                    /tmp/hsperfdata_cs61b-ccb/12143
7fbebbc76000-7fbebbc77000 rw-p 00000000 00:00 0 
7fbebbc77000-7fbebbc78000 ---p 00000000 00:00 0 
7fbebbc78000-7fbebbc7a000 rw-p 00000000 00:00 0 
7fbebbc7a000-7fbebbc7b000 r--p 00022000 08:01 8258072                    /lib/x86_64-linux-gnu/ld-2.19.so
7fbebbc7b000-7fbebbc7c000 rw-p 00023000 08:01 8258072                    /lib/x86_64-linux-gnu/ld-2.19.so
7fbebbc7c000-7fbebbc7d000 rw-p 00000000 00:00 0 
7ffc1599c000-7ffc159be000 rw-p 00000000 00:00 0                          [stack]
7ffc159e3000-7ffc159e5000 r--p 00000000 00:00 0                          [vvar]
7ffc159e5000-7ffc159e7000 r-xp 00000000 00:00 0                          [vdso]
ffffffffff600000-ffffffffff601000 r-xp 00000000 00:00 0                  [vsyscall]

VM Arguments:
jvm_args: -Didea.launcher.port=7541 -Didea.launcher.bin.path=/share/instsww/pkg/idea-IC-143.1184.17/bin -Dfile.encoding=UTF-8 
java_command: com.intellij.rt.execution.application.AppMain Solutions.powerhungrycows
java_class_path (initial): /usr/lib/jvm/java-8-oracle/jre/lib/charsets.jar:/usr/lib/jvm/java-8-oracle/jre/lib/deploy.jar:/usr/lib/jvm/java-8-oracle/jre/lib/ext/cldrdata.jar:/usr/lib/jvm/java-8-oracle/jre/lib/ext/dnsns.jar:/usr/lib/jvm/java-8-oracle/jre/lib/ext/jaccess.jar:/usr/lib/jvm/java-8-oracle/jre/lib/ext/jfxrt.jar:/usr/lib/jvm/java-8-oracle/jre/lib/ext/localedata.jar:/usr/lib/jvm/java-8-oracle/jre/lib/ext/nashorn.jar:/usr/lib/jvm/java-8-oracle/jre/lib/ext/sunec.jar:/usr/lib/jvm/java-8-oracle/jre/lib/ext/sunjce_provider.jar:/usr/lib/jvm/java-8-oracle/jre/lib/ext/sunpkcs11.jar:/usr/lib/jvm/java-8-oracle/jre/lib/ext/zipfs.jar:/usr/lib/jvm/java-8-oracle/jre/lib/javaws.jar:/usr/lib/jvm/java-8-oracle/jre/lib/jce.jar:/usr/lib/jvm/java-8-oracle/jre/lib/jfr.jar:/usr/lib/jvm/java-8-oracle/jre/lib/jfxswt.jar:/usr/lib/jvm/java-8-oracle/jre/lib/jsse.jar:/usr/lib/jvm/java-8-oracle/jre/lib/management-agent.jar:/usr/lib/jvm/java-8-oracle/jre/lib/plugin.jar:/usr/lib/jvm/java-8-oracle/jre/lib/resources.jar:/usr/lib/jvm/java-8-oracle/jre/lib/rt.jar:/home/cc/cs61b/sp17/class/cs61b-ccb/Competitive-Programming/Java_Solutions/out/production/Java_Solutions:/home/cc/cs61b/sp17/class/cs61b-ccb/Competitive-Programming/Java_Solutions/javalib/algs4.jar:/home/cc/cs61b/sp17/class/cs61b-ccb/Competitive-Programming/Java_Solutions/javalib/jh61b.jar:/home/cc/cs61b/sp17/class/cs61b-ccb/Competitive-Programming/Java_Solutions/javalib/stdlib.jar:/home/cc/cs61b/sp17/class/cs61b-ccb/Competitive-Programming/Java_Solutions/javalib/junit-4.12.jar:/home/cc/cs61b/sp17/class/cs61b-ccb/Competitive-Programming/Java_Solutions/javalib/stdlib-package.jar:/home/cc/cs61b/sp17/class/cs61b-ccb/Competitive-Programming/Java_Solutions/javalib/hamcrest-core-1.3.jar:/share/instsww/pkg/idea-IC-143.1184.17/lib/idea_rt.jar
Launcher Type: SUN_STANDARD

Environment Variables:
JAVA_HOME=/usr/lib/jvm/java-8-oracle
CLASSPATH=/share/instsww/pkg/idea-IC-143.1184.17/bin/../lib/bootstrap.jar:/share/instsww/pkg/idea-IC-143.1184.17/bin/../lib/extensions.jar:/share/instsww/pkg/idea-IC-143.1184.17/bin/../lib/util.jar:/share/instsww/pkg/idea-IC-143.1184.17/bin/../lib/jdom.jar:/share/instsww/pkg/idea-IC-143.1184.17/bin/../lib/log4j.jar:/share/instsww/pkg/idea-IC-143.1184.17/bin/../lib/trove4j.jar:/share/instsww/pkg/idea-IC-143.1184.17/bin/../lib/jna.jar:/usr/lib/jvm/java-8-oracle/lib/tools.jar
PATH=/home/ff/cs61b/bin:/home/ff/cs61b/beta-grading-software/share/bin:/usr/local/bin:/usr/bin:/bin:/usr/ucb:/usr/sww/bin:/usr/sfw/bin:/share/b/grading/bin:/share/b/grading/sbin:/share/b/runas/x86_64:/share/b/bin:/home/aa/projects/scheme/bin
LD_LIBRARY_PATH=/share/instsww/pkg/idea-IC-143.1184.17/bin:
SHELL=/bin/bash
DISPLAY=:1
ARCH=x86_64
OS=Linux

Signal Handlers:
SIGSEGV: [libjvm.so+0xac78c0], sa_mask[0]=11111111011111111101111111111110, sa_flags=SA_RESTART|SA_SIGINFO
SIGBUS: [libjvm.so+0xac78c0], sa_mask[0]=11111111011111111101111111111110, sa_flags=SA_RESTART|SA_SIGINFO
SIGFPE: [libjvm.so+0x920ac0], sa_mask[0]=11111111011111111101111111111110, sa_flags=SA_RESTART|SA_SIGINFO
SIGPIPE: [libjvm.so+0x920ac0], sa_mask[0]=11111111011111111101111111111110, sa_flags=SA_RESTART|SA_SIGINFO
SIGXFSZ: [libjvm.so+0x920ac0], sa_mask[0]=11111111011111111101111111111110, sa_flags=SA_RESTART|SA_SIGINFO
SIGILL: [libjvm.so+0x920ac0], sa_mask[0]=11111111011111111101111111111110, sa_flags=SA_RESTART|SA_SIGINFO
SIGUSR1: SIG_DFL, sa_mask[0]=00000000000000000000000000000000, sa_flags=none
SIGUSR2: [libjvm.so+0x922300], sa_mask[0]=00100000000000000000000000000000, sa_flags=SA_RESTART|SA_SIGINFO
SIGHUP: [libjvm.so+0x923700], sa_mask[0]=11111111011111111101111111111110, sa_flags=SA_RESTART|SA_SIGINFO
SIGINT: [libjvm.so+0x923700], sa_mask[0]=11111111011111111101111111111110, sa_flags=SA_RESTART|SA_SIGINFO
SIGTERM: [libjvm.so+0x923700], sa_mask[0]=11111111011111111101111111111110, sa_flags=SA_RESTART|SA_SIGINFO
SIGQUIT: [libjvm.so+0x923700], sa_mask[0]=11111111011111111101111111111110, sa_flags=SA_RESTART|SA_SIGINFO


---------------  S Y S T E M  ---------------

OS:DISTRIB_ID=Ubuntu
DISTRIB_RELEASE=14.04
DISTRIB_CODENAME=trusty
DISTRIB_DESCRIPTION="Ubuntu 14.04.5 LTS"

uname:Linux 4.4.0-62-generic #83~14.04.1-Ubuntu SMP Wed Jan 18 18:10:30 UTC 2017 x86_64
libc:glibc 2.19 NPTL 2.19 
rlimit: STACK 8192k, CORE 0k, NPROC 63766, NOFILE 4096, AS infinity
load average:13.19 10.01 7.75

/proc/meminfo:
MemTotal:       16364056 kB
MemFree:          165720 kB
MemAvailable:      74348 kB
Buffers:            3992 kB
Cached:          1019556 kB
SwapCached:            0 kB
Active:         14928656 kB
Inactive:         966352 kB
Active(anon):   14880056 kB
Inactive(anon):   918048 kB
Active(file):      48600 kB
Inactive(file):    48304 kB
Unevictable:          48 kB
Mlocked:              48 kB
SwapTotal:             0 kB
SwapFree:              0 kB
Dirty:               124 kB
Writeback:             0 kB
AnonPages:      14872092 kB
Mapped:           337460 kB
Shmem:            926248 kB
Slab:             113676 kB
SReclaimable:      54944 kB
SUnreclaim:        58732 kB
KernelStack:       17952 kB
PageTables:        94648 kB
NFS_Unstable:          0 kB
Bounce:                0 kB
WritebackTmp:          0 kB
CommitLimit:     8182028 kB
Committed_AS:   25331116 kB
VmallocTotal:   34359738367 kB
VmallocUsed:           0 kB
VmallocChunk:          0 kB
HardwareCorrupted:     0 kB
AnonHugePages:   6254592 kB
CmaTotal:              0 kB
CmaFree:               0 kB
HugePages_Total:       0
HugePages_Free:        0
HugePages_Rsvd:        0
HugePages_Surp:        0
Hugepagesize:       2048 kB
DirectMap4k:      258944 kB
DirectMap2M:    16449536 kB


CPU:total 4 (2 cores per cpu, 2 threads per core) family 6 model 58 stepping 9, cmov, cx8, fxsr, mmx, sse, sse2, sse3, ssse3, sse4.1, sse4.2, popcnt, avx, clmul, erms, ht, tsc, tscinvbit, tscinv

/proc/cpuinfo:
processor	: 0
vendor_id	: GenuineIntel
cpu family	: 6
model		: 58
model name	: Intel(R) Core(TM) i3-3217U CPU @ 1.80GHz
stepping	: 9
microcode	: 0x1b
cpu MHz		: 1699.945
cache size	: 3072 KB
physical id	: 0
siblings	: 4
core id		: 0
cpu cores	: 2
apicid		: 0
initial apicid	: 0
fpu		: yes
fpu_exception	: yes
cpuid level	: 13
wp		: yes
flags		: fpu vme de pse tsc msr pae mce cx8 apic sep mtrr pge mca cmov pat pse36 clflush dts acpi mmx fxsr sse sse2 ss ht tm pbe syscall nx rdtscp lm constant_tsc arch_perfmon pebs bts rep_good nopl xtopology nonstop_tsc aperfmperf eagerfpu pni pclmulqdq dtes64 monitor ds_cpl vmx est tm2 ssse3 cx16 xtpr pdcm pcid sse4_1 sse4_2 x2apic popcnt tsc_deadline_timer xsave avx f16c lahf_lm epb tpr_shadow vnmi flexpriority ept vpid fsgsbase smep erms xsaveopt dtherm arat pln pts
bugs		:
bogomips	: 3595.09
clflush size	: 64
cache_alignment	: 64
address sizes	: 36 bits physical, 48 bits virtual
power management:

processor	: 1
vendor_id	: GenuineIntel
cpu family	: 6
model		: 58
model name	: Intel(R) Core(TM) i3-3217U CPU @ 1.80GHz
stepping	: 9
microcode	: 0x1b
cpu MHz		: 1699.945
cache size	: 3072 KB
physical id	: 0
siblings	: 4
core id		: 1
cpu cores	: 2
apicid		: 2
initial apicid	: 2
fpu		: yes
fpu_exception	: yes
cpuid level	: 13
wp		: yes
flags		: fpu vme de pse tsc msr pae mce cx8 apic sep mtrr pge mca cmov pat pse36 clflush dts acpi mmx fxsr sse sse2 ss ht tm pbe syscall nx rdtscp lm constant_tsc arch_perfmon pebs bts rep_good nopl xtopology nonstop_tsc aperfmperf eagerfpu pni pclmulqdq dtes64 monitor ds_cpl vmx est tm2 ssse3 cx16 xtpr pdcm pcid sse4_1 sse4_2 x2apic popcnt tsc_deadline_timer xsave avx f16c lahf_lm epb tpr_shadow vnmi flexpriority ept vpid fsgsbase smep erms xsaveopt dtherm arat pln pts
bugs		:
bogomips	: 3595.09
clflush size	: 64
cache_alignment	: 64
address sizes	: 36 bits physical, 48 bits virtual
power management:

processor	: 2
vendor_id	: GenuineIntel
cpu family	: 6
model		: 58
model name	: Intel(R) Core(TM) i3-3217U CPU @ 1.80GHz
stepping	: 9
microcode	: 0x1b
cpu MHz		: 1699.945
cache size	: 3072 KB
physical id	: 0
siblings	: 4
core id		: 0
cpu cores	: 2
apicid		: 1
initial apicid	: 1
fpu		: yes
fpu_exception	: yes
cpuid level	: 13
wp		: yes
flags		: fpu vme de pse tsc msr pae mce cx8 apic sep mtrr pge mca cmov pat pse36 clflush dts acpi mmx fxsr sse sse2 ss ht tm pbe syscall nx rdtscp lm constant_tsc arch_perfmon pebs bts rep_good nopl xtopology nonstop_tsc aperfmperf eagerfpu pni pclmulqdq dtes64 monitor ds_cpl vmx est tm2 ssse3 cx16 xtpr pdcm pcid sse4_1 sse4_2 x2apic popcnt tsc_deadline_timer xsave avx f16c lahf_lm epb tpr_shadow vnmi flexpriority ept vpid fsgsbase smep erms xsaveopt dtherm arat pln pts
bugs		:
bogomips	: 3595.09
clflush size	: 64
cache_alignment	: 64
address sizes	: 36 bits physical, 48 bits virtual
power management:

processor	: 3
vendor_id	: GenuineIntel
cpu family	: 6
model		: 58
model name	: Intel(R) Core(TM) i3-3217U CPU @ 1.80GHz
stepping	: 9
microcode	: 0x1b
cpu MHz		: 1699.945
cache size	: 3072 KB
physical id	: 0
siblings	: 4
core id		: 1
cpu cores	: 2
apicid		: 3
initial apicid	: 3
fpu		: yes
fpu_exception	: yes
cpuid level	: 13
wp		: yes
flags		: fpu vme de pse tsc msr pae mce cx8 apic sep mtrr pge mca cmov pat pse36 clflush dts acpi mmx fxsr sse sse2 ss ht tm pbe syscall nx rdtscp lm constant_tsc arch_perfmon pebs bts rep_good nopl xtopology nonstop_tsc aperfmperf eagerfpu pni pclmulqdq dtes64 monitor ds_cpl vmx est tm2 ssse3 cx16 xtpr pdcm pcid sse4_1 sse4_2 x2apic popcnt tsc_deadline_timer xsave avx f16c lahf_lm epb tpr_shadow vnmi flexpriority ept vpid fsgsbase smep erms xsaveopt dtherm arat pln pts
bugs		:
bogomips	: 3595.09
clflush size	: 64
cache_alignment	: 64
address sizes	: 36 bits physical, 48 bits virtual
power management:



Memory: 4k page, physical 16364056k(165720k free), swap 0k(0k free)

vm_info: Java HotSpot(TM) 64-Bit Server VM (25.121-b13) for linux-amd64 JRE (1.8.0_121-b13), built on Dec 12 2016 16:36:53 by "java_re" with gcc 4.3.0 20080428 (Red Hat 4.3.0-8)

time: Mon Mar 13 11:34:17 2017
elapsed time: 49 seconds (0d 0h 0m 49s)

