13754862
87654321 0
43218765 1
58763214 1
86354271 1
14327658 2
42718635 2
32145876 2
65872143 2
57263184 2
42718635 2
58632714 2
83254761 2
76581432 3
21436587 3
13627548 3
14276358 3
47618325 3
31845726 3
21436587 3
76581432 3
68172453 3
31845726 3
65721843 3
52163874 3
14276358 3
47618325 3
27145863 3
35867142 3
56732184 3
47618325 3
58327614 3
82754631 3
75481362 4
24536817 4
75481362 4
21365487 4
16527438 4
63581427 4
71423586 4
12376548 4
14763258 4
46318275 4
43187265 4
38745216 4
24536817 4
75481362 4
24536817 4
76814532 4
61472583 4
43187265 4
38745216 4
18436572 4
26578431 4
67821453 4
38745216 4
65218743 4
51863724 4
63581427 4
71423586 4
12376548 4
14763258 4
46318275 4
21845673 4
71423586 4
63581427 4
38167452 4
21845673 4
35671842 4
57132864 4
14763258 4
46318275 4
76145832 4
25836147 4
53627184 4
46318275 4
58276314 4
87543621 5
74381652 5
32458176 5
25836147 5
87543621 5
74381652 5
54872136 5
62134875 5
23465817 5
74381652 5
21654387 5
15427368 5
65481237 5
74523816 5
65481237 5
71235486 5
13576428 5
32581476 5
61472583 5
17263548 5
14632758 5
72654318 5
84312657 5
41287635 5
43872165 5
37245186 5
32458176 5
25836147 5
87543621 5
74381652 5
32458176 5
25836147 5
45327681 5
17685324 5
78514362 5
25836147 5
76145832 5
64572813 5
72654318 5
84312657 5
41287635 5
43872165 5
37245186 5
14536782 5
84312657 5
72654318 5
25478361 5
14536782 5
26784531 5
68421573 5
43872165 5
37245186 5
87436521 5
62718453 5
37245186 5
65187243 5
65481237 5
74523816 5
65481237 5
71235486 5
13576428 5
32581476 5
17263548 5
14632758 5
42186735 5
28645713 5
74523816 5
65481237 5
74523816 5
63814527 5
31467582 5
42186735 5
28645713 5
18423567 5
73568421 5
36871452 5
28645713 5
35718642 5
51832674 5
32581476 5
17263548 5
14632758 5
71845362 5
32581476 5
28136457 5
71845362 5
25361847 5
56127834 5
14632758 5
63145827 5
75823146 5
52376184 5
36218754 6
48756213 6
85643271 6
87436521 6
73681542 6
81763245 6
53241768 6
34158726 6
32581476 6
28136457 6
36218754 6
48756213 6
85643271 6
87436521 6
73681542 6
58172346 6
48756213 6
36218754 6
61834725 6
58172346 6
62348175 6
24865137 6
87436521 6
73681542 6
43872165 6
26354817 6
73681542 6
21543687 6
86542371 6
64281357 6
27458163 6
75823146 6
86542371 6
64281357 6
54867123 6
37124865 6
72435816 6
64281357 6
71354286 6
15476238 6
35481726 6
64572813 6
35481726 6
61725483 6
12563478 6
27581463 6
31467582 6
16732548 6
76354128 6
83612547 6
76354128 6
84126357 6
42687315 6
48172635 6
43721865 6
81763245 6
53241768 6
34158726 6
28136457 6
36218754 6
48756213 6
85643271 6
87436521 6
73681542 6
81763245 6
53241768 6
34158726 6
28136457 6
43627851 6
53241768 6
81763245 6
16385274 6
43627851 6
17853624 6
75314682 6
28136457 6
71845362 6
28136457 6
76458132 6
76354128 6
83612547 6
76354128 6
84126357 6
42687315 6
48172635 6
43721865 6
31457826 6
15736842 6
83612547 6
76354128 6
83612547 6
72543618 6
24378651 6
31457826 6
15736842 6
45312678 6
82675314 6
27584361 6
15736842 6
26845731 6
64521783 6
48172635 6
43721865 6
84536271 6
84536271 6
16274538 6
67418523 6
43721865 6
72436518 6
86512437 6
61287453 6
86542371 6
64281357 6
27458163 6
75823146 6
86542371 6
64281357 6
54867123 6
37124865 6
72435816 6
64281357 6
71354286 6
15476238 6
35481726 6
35481726 6
61725483 6
12563478 6
27581463 6
31467582 6
16732548 6
67354218 6
84217356 6
41786325 6
42867135 6
26745183 6
27458163 6
75823146 6
86542371 6
64281357 6
27458163 6
75823146 6
45276381 6
16385274 6
68514237 6
75823146 6
63145827 6
34567812 6
67354218 6
84217356 6
41786325 6
42867135 6
26745183 6
14523687 6
84217356 6
67354218 6
75468231 6
14523687 6
73684521 6
38471562 6
42867135 6
26745183 6
86423571 6
37618452 6
26745183 6
35186742 6
35481726 6
35481726 6
61725483 6
12563478 6
27581463 6
16732548 6
47183625 6
78345612 6
35481726 6
32814576 6
47183625 6
78345612 6
18472536 6
62538471 6
23861457 6
78345612 6
25618347 6
51827364 6
27581463 6
16732548 6
61845237 6
27581463 6
78123456 6
61845237 6
75231846 6
53176824 6
32718564 7
47256183 7
32718564 7
48562713 7
86243751 7
84536271 7
87365421 7
87263415 7
52741638 7
87263415 7
53417268 7
31758246 7
35481726 7
32814576 7
32718564 7
47256183 7
32718564 7
48562713 7
86243751 7
84536271 7
87365421 7
75813462 7
51372486 7
47256183 7
32718564 7
47256183 7
36187254 7
68734215 7
75813462 7
51372486 7
81756234 7
46231758 7
63148725 7
51372486 7
62481375 7
28165347 7
84536271 7
87365421 7
48172635 7
48172635 7
52638174 7
23854167 7
87365421 7
36872154 7
42156873 7
25643817 7
23718654 7
48653712 7
85342761 7
86423571 7
62381547 7
81632745 7
52741638 7
24158673 7
27581463 7
78123456 7
23718654 7
48653712 7
85342761 7
86423571 7
62381547 7
58167243 7
48653712 7
23718654 7
31824675 7
58167243 7
37248165 7
74835126 7
86423571 7
62381547 7
42867135 7
73254816 7
62381547 7
71542386 7
83547261 7
34781256 7
76458132 7
83547261 7
34781256 7
54836172 7
26174835 7
67425813 7
34781256 7
61254783 7
15463728 7
25481673 7
34567812 7
25481673 7
31675482 7
17532468 7
57631284 7
73154268 7
18365472 7
86512437 7
57631284 7
73154268 7
63578412 7
28413576 7
81326547 7
73154268 7
84263157 7
46387125 7
74816352 7
41672385 7
18654372 7
24378651 7
47821635 7
87263415 7
52741638 7
87263415 7
53417268 7
31758246 7
32814576 7
32718564 7
47256183 7
32718564 7
48562713 7
86243751 7
84536271 7
87365421 7
87263415 7
52741638 7
87263415 7
53417268 7
31758246 7
32814576 7
24368517 7
46827531 7
52741638 7
87263415 7
52741638 7
81632745 7
13285764 7
24368517 7
46827531 7
36241785 7
51786243 7
18653274 7
46827531 7
17536824 7
73614852 7
32814576 7
47183625 7
78345612 7
32814576 7
81327645 7
57641328 7
74158362 7
57631284 7
73154268 7
18365472 7
86512437 7
57631284 7
73154268 7
63578412 7
28413576 7
81326547 7
73154268 7
84263157 7
46387125 7
74816352 7
41672385 7
18654372 7
24378651 7
47821635 7
78263145 7
53148267 7
34857216 7
31578426 7
17836452 7
18365472 7
86512437 7
57631284 7
73154268 7
18365472 7
86512437 7
36187254 7
47256183 7
75643128 7
86512437 7
72436518 7
23678541 7
78263145 7
53148267 7
34857216 7
31578426 7
17836452 7
43612758 7
53148267 7
78263145 7
86375124 7
43612758 7
82753614 7
25384671 7
31578426 7
17836452 7
57312684 7
28745361 7
17836452 7
26457831 7
74816352 7
41672385 7
18654372 7
47821635 7
38452716 7
85236741 7
38452716 7
85236741 7
45381627 7
71625384 7
12574368 7
85236741 7
16745238 7
64518273 7
18654372 7
47821635 7
74536128 7
18654372 7
85412367 7
74536128 7
86124537 7
62487513 7
23718654 7
48653712 7
85342761 7
86423571 7
62381547 7
81632745 7
52741638 7
24158673 7
78123456 7
23718654 7
48653712 7
85342761 7
86423571 7
62381547 7
58167243 7
48653712 7
23718654 7
31824675 7
58167243 7
37248165 7
74835126 7
86423571 7
62381547 7
42867135 7
73254816 7
62381547 7
71542386 7
83547261 7
34781256 7
83547261 7
34781256 7
54836172 7
26174835 7
67425813 7
34781256 7
61254783 7
15463728 7
25481673 7
34567812 7
25481673 7
31675482 7
17532468 7
63254178 7
82317546 7
63254178 7
84173256 7
47386215 7
48167325 7
42671835 7
81632745 7
52741638 7
24158673 7
78123456 7
23718654 7
48653712 7
85342761 7
86423571 7
62381547 7
81632745 7
52741638 7
24158673 7
78123456 7
42376851 7
52741638 7
81632745 7
13285764 7
42376851 7
16852374 7
65214387 7
78123456 7
61845237 7
78123456 7
63458127 7
63254178 7
82317546 7
63254178 7
84173256 7
47386215 7
48167325 7
42671835 7
21456873 7
15623847 7
82317546 7
63254178 7
82317546 7
67542318 7
74268351 7
21456873 7
15623847 7
45217368 7
87365214 7
76584231 7
15623847 7
73845621 7
34571682 7
48167325 7
42671835 7
84523761 7
84523761 7
13764528 7
36418572 7
42671835 7
67423518 7
83517426 7
31786452 7
83547261 7
34781256 7
83547261 7
34781256 7
54836172 7
26174835 7
67425813 7
34781256 7
61254783 7
15463728 7
25481673 7
25481673 7
31675482 7
17532468 7
36254718 7
84716253 7
41683275 7
47836125 7
73645182 7
83547261 7
34781256 7
45763281 7
13285764 7
38514726 7
36254718 7
84716253 7
41683275 7
47836125 7
73645182 7
14572386 7
84716253 7
36254718 7
65438721 7
14572386 7
62384571 7
28461537 7
47836125 7
73645182 7
83472561 7
26318457 7
73645182 7
25183647 7
25481673 7
25481673 7
31675482 7
17532468 7
46182375 7
68245317 7
25481673 7
27814563 7
46182375 7
68245317 7
18467523 7
37528461 7
72831456 7
68245317 7
75318246 7
51876234 7
13275648 8
37518624 8
54721836 8
42156873 8
13275648 8
37518624 8
27134856 8
64857132 8
45762183 8
37518624 8
48627513 8
82743561 8
38452716 8
85236741 8
54218736 8
68734215 8
83465271 8
68724153 8
82463175 8
57641328 8
68724153 8
82463175 8
72685341 8
15342687 8
54217638 8
82463175 8
53172468 8
37258416 8
83547261 8
34781256 8
45763281 8
13285764 8
38514726 8
13275648 8
37518624 8
54721836 8
42156873 8
13275648 8
37518624 8
27134856 8
64857132 8
45762183 8
37518624 8
48627513 8
82743561 8
38452716 8
85236741 8
54218736 8
68734215 8
83465271 8
34627581 8
17584623 8
78413652 8
75134862 8
53472816 8
54721836 8
42156873 8
13275648 8
37518624 8
54721836 8
42156873 8
31287564 8
42156873 8
36872154 8
67234185 8
34627581 8
17584623 8
78413652 8
75134862 8
53472816 8
87256314 8
17584623 8
34627581 8
42731568 8
87256314 8
46317258 8
61748235 8
75134862 8
53472816 8
13756248 8
64381725 8
53472816 8
62813475 8
38452716 8
85236741 8
54218736 8
83465271 8
74816352 8
41672385 8
74816352 8
41672385 8
81745263 8
35261748 8
56138724 8
41672385 8
52381674 8
28154637 8
54218736 8
83465271 8
38172564 8
54218736 8
41856723 8
38172564 8
42568173 8
26843157 8
27618534 8
46753182 8
27618534 8
48537612 8
83742651 8
84523761 8
86235471 8
86732415 8
57641328 8
86732415 8
52416738 8
21658743 8
25481673 8
27814563 8
27618534 8
46753182 8
27618534 8
48537612 8
83742651 8
84523761 8
86235471 8
65812437 8
51267483 8
46753182 8
27618534 8
46753182 8
23186754 8
38624715 8
65812437 8
51267483 8
81653724 8
43721658 8
32148675 8
51267483 8
37481265 8
78135246 8
84523761 8
86235471 8
48167325 8
48167325 8
57328164 8
72854136 8
86235471 8
23867154 8
47153862 8
75342816 8
72618354 8
48352617 8
85247631 8
83472561 8
37281546 8
81327645 8
57641328 8
74158362 8
72618354 8
48352617 8
85247631 8
83472561 8
37281546 8
58136742 8
48352617 8
72618354 8
21874365 8
58136742 8
26748135 8
64825173 8
83472561 8
37281546 8
47836125 8
62754813 8
37281546 8
61547283 8
82546731 8
24681753 8
63458127 8
82546731 8
24681753 8
54823167 8
73164825 8
36475812 8
24681753 8
31754682 8
15432678 8
12845763 8
35762841 8
56231874 8
57312684 8
71254638 8
54721836 8
13465782 8
18654372 8
85412367 8
12845763 8
35762841 8
56231874 8
57312684 8
71254638 8
65478132 8
35762841 8
12845763 8
24513786 8
65478132 8
28135476 8
83526417 8
57312684 8
71254638 8
31578426 8
82163547 8
71254638 8
84631257 8
63527481 8
17483526 8
78316542 8
74163852 8
46372815 8
16354782 8
23678541 8
16354782 8
24786351 8
48621375 8
68724153 8
82463175 8
57641328 8
68724153 8
82463175 8
72685341 8
15342687 8
54217638 8
82463175 8
53172468 8
37258416 8
45763281 8
13285764 8
38514726 8
13275648 8
37518624 8
54721836 8
13275648 8
37518624 8
27134856 8
64857132 8
45762183 8
37518624 8
48627513 8
82743561 8
38452716 8
85236741 8
54218736 8
83465271 8
68724153 8
82463175 8
57641328 8
68724153 8
82463175 8
72685341 8
15342687 8
54217638 8
82463175 8
53172468 8
37258416 8
45763281 8
13285764 8
38514726 8
85172436 8
62435178 8
23568147 8
24685317 8
48527361 8
57641328 8
68724153 8
82463175 8
57641328 8
86732415 8
57641328 8
81327645 8
12785634 8
85172436 8
62435178 8
23568147 8
24685317 8
48527361 8
32741865 8
62435178 8
85172436 8
57286413 8
32741865 8
51862743 8
16253784 8
24685317 8
48527361 8
68241753 8
15836274 8
48527361 8
17368524 8
45763281 8
38514726 8
36254718 8
84716253 8
41683275 8
47836125 8
73645182 8
45763281 8
38514726 8
83627415 8
45763281 8
56341278 8
83627415 8
57413628 8
71358642 8
12845763 8
35762841 8
56231874 8
57312684 8
71254638 8
54721836 8
13465782 8
85412367 8
12845763 8
35762841 8
56231874 8
57312684 8
71254638 8
65478132 8
35762841 8
12845763 8
24513786 8
65478132 8
28135476 8
83526417 8
57312684 8
71254638 8
31578426 8
82163547 8
71254638 8
84631257 8
63527481 8
17483526 8
78316542 8
74163852 8
46372815 8
16354782 8
23678541 8
16354782 8
24786351 8
48621375 8
72163485 8
51248637 8
72163485 8
53482167 8
38257146 8
35478216 8
31784526 8
54721836 8
13465782 8
85412367 8
12845763 8
35762841 8
56231874 8
57312684 8
71254638 8
54721836 8
13465782 8
85412367 8
31287564 8
54721836 8
31287564 8
47561283 8
76143258 8
85412367 8
74536128 8
85412367 8
72365418 8
72163485 8
51248637 8
72163485 8
53482167 8
38257146 8
35478216 8
31784526 8
14367582 8
46712538 8
51248637 8
72163485 8
51248637 8
78631245 8
83175264 8
14367582 8
46712538 8
36148275 8
58276143 8
87653124 8
46712538 8
82536714 8
23684751 8
35478216 8
31784526 8
53612874 8
53612874 8
42873615 8
27345681 8
31784526 8
78312645 8
52648317 8
24857361 8
63527481 8
17483526 8
78316542 8
74163852 8
46372815 8
16354782 8
16354782 8
24786351 8
48621375 8
27163845 8
53847162 8
34752186 8
38527416 8
82736451 8
27163845 8
53847162 8
34752186 8
38527416 8
82736451 8
43681257 8
53847162 8
27163845 8
76325814 8
43681257 8
71253684 8
15374628 8
38527416 8
82736451 8
52381674 8
17245368 8
82736451 8
16452738 8
16354782 8
16354782 8
24786351 8
48621375 8
37451286 8
75136248 8
16354782 8
18543672 8
37451286 8
75136248 8
45378612 8
28615374 8
81524367 8
75136248 8
86245137 8
64587123 8
27618534 8
46753182 8
27618534 8
48537612 8
83742651 8
84523761 8
86235471 8
86732415 8
86732415 8
52416738 8
21658743 8
27814563 8
27618534 8
46753182 8
27618534 8
48537612 8
83742651 8
84523761 8
86235471 8
65812437 8
51267483 8
46753182 8
27618534 8
46753182 8
23186754 8
38624715 8
65812437 8
51267483 8
81653724 8
43721658 8
32148675 8
51267483 8
37481265 8
78135246 8
84523761 8
86235471 8
48167325 8
48167325 8
57328164 8
72854136 8
86235471 8
23867154 8
47153862 8
75342816 8
72618354 8
48352617 8
85247631 8
83472561 8
37281546 8
72618354 8
48352617 8
85247631 8
83472561 8
37281546 8
58136742 8
48352617 8
72618354 8
21874365 8
58136742 8
26748135 8
64825173 8
83472561 8
37281546 8
47836125 8
62754813 8
37281546 8
61547283 8
82546731 8
24681753 8
63458127 8
82546731 8
24681753 8
54823167 8
73164825 8
36475812 8
24681753 8
31754682 8
15432678 8
56321784 8
62154738 8
18235467 8
83517426 8
56321784 8
62154738 8
32568417 8
78412563 8
81273546 8
62154738 8
84732156 8
43286175 8
64813257 8
41367285 8
18354267 8
74268351 8
46871325 8
86732415 8
86732415 8
52416738 8
21658743 8
27814563 8
27618534 8
46753182 8
27618534 8
48537612 8
83742651 8
84523761 8
86235471 8
86732415 8
86732415 8
52416738 8
21658743 8
27814563 8
74238516 8
43876521 8
86732415 8
12785634 8
74238516 8
43876521 8
23741685 8
51683742 8
18352764 8
43876521 8
16523874 8
62314857 8
27814563 8
46182375 8
68245317 8
27814563 8
81276345 8
56341278 8
64158237 8
56321784 8
62154738 8
18235467 8
83517426 8
56321784 8
62154738 8
32568417 8
78412563 8
81273546 8
62154738 8
84732156 8
43286175 8
64813257 8
41367285 8
18354267 8
74268351 8
46871325 8
68732145 8
52148736 8
24856713 8
21568473 8
16823457 8
18235467 8
83517426 8
56321784 8
62154738 8
18235467 8
83517426 8
23186754 8
46753182 8
65342178 8
83517426 8
67423518 8
72368541 8
68732145 8
52148736 8
24856713 8
21568473 8
16823457 8
42317658 8
52148736 8
68732145 8
83265174 8
42317658 8
87652314 8
75284361 8
21568473 8
16823457 8
56217384 8
78645231 8
16823457 8
73456821 8
64813257 8
41367285 8
18354267 8
46871325 8
28457613 8
85723641 8
28457613 8
85723641 8
45281376 8
61375284 8
17564238 8
85723641 8
13645728 8
34518762 8
18354267 8
46871325 8
64523178 8
18354267 8
85417236 8
64523178 8
83174526 8
37486512 8
72618354 8
48352617 8
85247631 8
83472561 8
37281546 8
72618354 8
48352617 8
85247631 8
83472561 8
37281546 8
58136742 8
48352617 8
72618354 8
21874365 8
58136742 8
26748135 8
64825173 8
83472561 8
37281546 8
47836125 8
62754813 8
37281546 8
61547283 8
82546731 8
24681753 8
82546731 8
24681753 8
54823167 8
73164825 8
36475812 8
24681753 8
31754682 8
15432678 8
32754168 8
87216543 8
32754168 8
84162753 8
46283715 8
48136275 8
47361825 8
72618354 8
48352617 8
85247631 8
83472561 8
37281546 8
47263851 8
12785634 8
47263851 8
13857264 8
35714286 8
32754168 8
87216543 8
32754168 8
84162753 8
46283715 8
48136275 8
47361825 8
71453862 8
15372846 8
87216543 8
32754168 8
87216543 8
36547218 8
64738251 8
71453862 8
15372846 8
45716238 8
86235714 8
63584721 8
15372846 8
62845371 8
24561387 8
48136275 8
47361825 8
84572631 8
84572631 8
12634578 8
23418567 8
47361825 8
36472518 8
82516473 8
21683457 8
82546731 8
24681753 8
82546731 8
24681753 8
54823167 8
73164825 8
36475812 8
24681753 8
31754682 8
15432678 8
23754618 8
84613752 8
41382765 8
46823175 8
62345187 8
82546731 8
24681753 8
45632781 8
12785634 8
28514673 8
23754618 8
84613752 8
41382765 8
46823175 8
62345187 8
14567283 8
84613752 8
23754618 8
35428671 8
14567283 8
37284561 8
78431526 8
46823175 8
62345187 8
82467531 8
73218456 8
62345187 8
75182346 8
56481327 9
71326485 9
12675438 9
13756248 9
35618274 9
57821346 9
54218736 9
41856723 9
56481327 9
71326485 9
12675438 9
13756248 9
35618274 9
21834576 9
71326485 9
56481327 9
68157342 9
21834576 9
64571832 9
47162853 9
13756248 9
35618274 9
75134862 9
46527183 9
35618274 9
48275613 9
27163845 9
53847162 9
34752186 9
38527416 9
82736451 9
52718346 9
67234185 9
52718346 9
68342715 9
84265731 9
41536872 9
26871534 9
67124583 9
68241753 9
84163725 9
56341278 9
41536872 9
26871534 9
67124583 9
68241753 9
84163725 9
76385421 9
26871534 9
41536872 9
13642857 9
76385421 9
15426387 9
52617348 9
68241753 9
84163725 9
24685317 9
51472638 9
84163725 9
53724168 9
72618354 9
48352617 9
85247631 9
37281546 9
47263851 9
12785634 9
47263851 9
13857264 9
35714286 9
56481327 9
71326485 9
12675438 9
13756248 9
35618274 9
57821346 9
41856723 9
56481327 9
71326485 9
12675438 9
13756248 9
35618274 9
21834576 9
71326485 9
56481327 9
68157342 9
21834576 9
64571832 9
47162853 9
13756248 9
35618274 9
75134862 9
46527183 9
35618274 9
48275613 9
27163845 9
53847162 9
34752186 9
38527416 9
82736451 9
52718346 9
67234185 9
52718346 9
68342715 9
84265731 9
36527841 9
15684273 9
36527841 9
17846523 9
74613582 9
71834652 9
75348162 9
57821346 9
41856723 9
56481327 9
71326485 9
12675438 9
13756248 9
35618274 9
57821346 9
41856723 9
83125647 9
32587614 9
41856723 9
38172564 9
41856723 9
36721854 9
36527841 9
15684273 9
36527841 9
17846523 9
74613582 9
71834652 9
75348162 9
58723146 9
82356174 9
15684273 9
36527841 9
15684273 9
34275681 9
47531628 9
58723146 9
82356174 9
72584631 9
14632587 9
43217568 9
82356174 9
46172358 9
67248315 9
71834652 9
75348162 9
17256438 9
17256438 9
86437251 9
63781245 9
75348162 9
34756281 9
16284753 9
68413725 9
27163845 9
53847162 9
34752186 9
38527416 9
82736451 9
52718346 9
52718346 9
68342715 9
84265731 9
63527481 9
17483526 9
78316542 9
74163852 9
46372815 9
63527481 9
17483526 9
78316542 9
74163852 9
46372815 9
87245613 9
17483526 9
63527481 9
32761458 9
87245613 9
35617248 9
51738264 9
74163852 9
46372815 9
53681724 9
46372815 9
52816374 9
52718346 9
52718346 9
68342715 9
84265731 9
73815642 9
31572684 9
52718346 9
54187236 9
73815642 9
31572684 9
81734256 9
64251738 9
45168723 9
31572684 9
42681573 9
28143567 9
12765348 9
26518374 9
54671823 9
47153862 9
12765348 9
26518374 9
76124853 9
34856127 9
45637182 9
26518374 9
48376512 9
87642531 9
28457613 9
85723641 9
54718623 9
38624715 9
82435761 9
38674152 9
87432165 9
56341278 9
38674152 9
87432165 9
67385241 9
15247386 9
54716328 9
87432165 9
52167438 9
26758413 9
82546731 9
24681753 9
45632781 9
12785634 9
28514673 9
12765348 9
26518374 9
54671823 9
47153862 9
12765348 9
26518374 9
76124853 9
34856127 9
45637182 9
26518374 9
48376512 9
87642531 9
28457613 9
85723641 9
54718623 9
38624715 9
82435761 9
24376581 9
16584372 9
68412357 9
65124837 9
52467813 9
54671823 9
47153862 9
12765348 9
26518374 9
54671823 9
47153862 9
21786534 9
47153862 9
23867154 9
36724185 9
24376581 9
16584372 9
68412357 9
65124837 9
52467813 9
86753214 9
16584372 9
24376581 9
47621538 9
86753214 9
43216758 9
31648725 9
65124837 9
52467813 9
12653748 9
34281675 9
52467813 9
37812465 9
28457613 9
85723641 9
54718623 9
82435761 9
64813257 9
41367285 9
64813257 9
41367285 9
81645732 9
25731648 9
53128674 9
41367285 9
57281364 9
78154326 9
54718623 9
82435761 9
28167534 9
54718623 9
41853672 9
28167534 9
47538162 9
73842156 9
76318524 9
43652187 9
76318524 9
48526317 9
82647351 9
84572631 9
83725461 9
83627415 9
56341278 9
83627415 9
57413628 9
71358642 9
76318524 9
43652187 9
76318524 9
48526317 9
82647351 9
84572631 9
83725461 9
35817426 9
51736482 9
43652187 9
76318524 9
43652187 9
72183654 9
28374615 9
35817426 9
51736482 9
81352674 9
42671358 9
27148365 9
51736482 9
26481735 9
68125743 9
84572631 9
83725461 9
48136275 9
48136275 9
56278134 9
67854123 9
83725461 9
72836154 9
46152837 9
65247813 9
67318254 9
48257316 9
85746321 9
82467531 9
26781543 9
81276345 9
56341278 9
64158237 9
67318254 9
48257316 9
85746321 9
82467531 9
26781543 9
58123647 9
48257316 9
67318254 9
71864235 9
58123647 9
73648125 9
34875162 9
82467531 9
26781543 9
46823175 9
37654812 9
26781543 9
31546782 9
18745623 9
37862451 9
18745623 9
35628741 9
52831764 9
53612874 9
57126384 9
57821346 9
57821346 9
61347825 9
14765832 9
16354782 9
18543672 9
18745623 9
37862451 9
18745623 9
35628741 9
52831764 9
53612874 9
57126384 9
76541328 9
64178352 9
37862451 9
18745623 9
37862451 9
12457863 9
25713846 9
76541328 9
64178352 9
54762813 9
32814765 9
21435786 9
64178352 9
28354176 9
85426137 9
53612874 9
57126384 9
35478216 9
35478216 9
68215473 9
81563427 9
57126384 9
12578463 9
38462571 9
86231547 9
65427831 9
14583276 9
65427831 9
17835426 9
73516482 9
38527416 9
71863542 9
74638152 9
51637824 9
13754862 9
9
