6 1 -1
5 1 2
4 1 2
6 3 -1
1 1 1 1 
1 -1 1 1 
-1 -1 -1 -1 
1000006 -1 3 3 
1000006 -1 -1 3 
1000006 -1 1000007 -1 

6 4 -1
5 4 3
4 4 3
4 3 3
1 1 1 1 
1 -1 1 1 
-1 -1 -1 -1 
1000006 -1 1000008 1000008 
1000006 -1 -1 1000008 
1000006 -1 1000007 1000008 

5 3 -1
1 1 1 1 
1 -1 1 1 
-1 -1 -1 -1 
1000006 -1 1000008 1000008 
1000006 -1 1000009 1000008 
1000006 -1 1000007 1000008 

3 1 -1
2 1 1
1 1 1
1 2 1
1 3 1
1 4 1
2 3 1
2 4 1
2 4 1000010
3 3 -1
3 4 -1
3 4 1000010
3 4 1000010
1000010 1000010 1000010 1000010 
1000010 -1 1000010 1000010 
1000010 -1 1000010 1000010 
1000006 -1 1000008 1000008 
1000006 -1 1000009 1000008 
1000006 -1 1000007 1000008 

2 2 -1
3 2 -1
4 2 -1
5 2 -1
6 2 -1
1000010 1000010 1000010 1000010 
1000010 1000011 1000010 1000010 
1000010 1000011 1000010 1000010 
1000006 1000011 1000008 1000008 
1000006 1000011 1000009 1000008 
1000006 1000011 1000007 1000008 

-5 0 2 3 4 3 
