3 2 1
5 3 2
7 3 1
7 4 4
9 4 6
11 4 6
13 4 4
15 4 1
9 5 8
11 5 20
13 5 40
15 5 68
17 5 94
19 5 114
21 5 116
23 5 94
25 5 60
27 5 28
29 5 8
31 5 1
11 6 16
13 6 56
15 6 152
17 6 376
19 6 844
21 6 1744
23 6 3340
25 6 5976
27 6 139
29 6 5955
31 6 3658
33 6 2695
35 6 2054
37 6 195
39 6 5241
41 6 5803
43 6 1283
45 6 2340
47 6 1079
49 6 9887
51 6 1047
53 6 5096
55 6 1932
57 6 568
59 6 120
61 6 16
63 6 1
13 7 32
15 7 144
17 7 480
19 7 1440
21 7 4056
23 7 955
25 7 7870
27 7 8210
29 7 768
31 7 5844
33 7 6536
35 7 5024
37 7 4706
39 7 4944
41 7 7888
43 7 8282
45 7 4274
47 7 3330
49 7 3852
51 7 8067
53 7 1719
55 7 8293
57 7 5876
59 7 1346
61 7 81
63 7 955
65 7 3031
67 7 2574
69 7 2706
71 7 6230
73 7 2498
75 7 909
77 7 7794
79 7 7705
81 7 9432
83 7 9459
85 7 5468
87 7 9812
89 7 9175
91 7 2466
93 7 8470
95 7 8479
97 7 4880
99 7 5979
101 7 8097
103 7 7879
105 7 1476
107 7 8563
109 7 5272
111 7 2383
113 7 5720
115 7 974
117 7 415
119 7 6737
121 7 4976
123 7 496
125 7 32
127 7 1
15 8 64
17 8 352
19 8 1376
21 8 4736
23 8 5347
25 8 7500
27 8 2026
29 8 1419
31 8 44
33 8 3597
35 8 5076
37 8 4907
39 8 2806
41 8 4081
43 8 2939
45 8 6233
47 8 4870
49 8 8390
51 8 333
53 8 2342
55 8 5772
57 8 2412
59 8 3485
61 8 3100
63 8 6085
65 8 7409
67 8 6849
69 8 6761
71 8 1790
73 8 9616
75 8 2587
77 8 9608
79 8 1425
81 8 2035
83 8 3816
85 8 1316
87 8 8455
89 8 6162
91 8 1185
93 8 9495
95 8 7752
97 8 6165
99 8 9738
101 8 6455
103 8 7216
105 8 9547
107 8 5342
109 8 2317
111 8 8703
113 8 6238
115 8 8002
117 8 642
119 8 4351
121 8 468
123 8 2248
125 8 3977
127 8 9843
129 8 3741
131 8 7132
133 8 783
135 8 6072
137 8 1778
139 8 5533
141 8 2991
143 8 4415
145 8 8829
147 8 3654
149 8 7804
151 8 4231
153 8 3419
155 8 4068
157 8 6718
159 8 2144
161 8 5251
163 8 2572
165 8 1543
167 8 282
169 8 789
171 8 896
173 8 9659
175 8 7671
177 8 8084
179 8 9215
181 8 4046
183 8 2461
185 8 6180
187 8 7658
189 8 9647
191 8 6565
193 8 2115
195 8 5217
197 8 6571
199 8 7452
17 9 128
19 9 832
21 9 3712
23 9 4371
25 9 1279
27 9 4323
29 9 4475
31 9 7048
33 9 4607
35 9 5100
37 9 4246
39 9 7840
41 9 3288
43 9 3087
45 9 7938
47 9 9532
49 9 6204
51 9 8696
53 9 8880
55 9 5628
57 9 8246
59 9 8727
61 9 2437
63 9 8085
65 9 8112
67 9 1269
69 9 7062
71 9 9601
73 9 1299
75 9 9477
77 9 5768
79 9 3142
81 9 6285
83 9 6656
85 9 2040
87 9 9182
89 9 6831
91 9 7336
93 9 3178
95 9 5788
97 9 1247
99 9 3116
101 9 7501
103 9 6198
105 9 6376
107 9 6980
109 9 8002
111 9 678
113 9 9811
115 9 7509
117 9 4995
119 9 5618
121 9 6078
123 9 9826
125 9 1806
127 9 7949
129 9 5871
131 9 2809
133 9 6572
135 9 5457
137 9 7795
139 9 1605
141 9 3797
143 9 1865
145 9 6688
147 9 3499
149 9 9133
151 9 7156
153 9 6489
155 9 9413
157 9 7800
159 9 9100
161 9 6328
163 9 6926
165 9 8803
167 9 1900
169 9 8882
171 9 3127
173 9 7992
175 9 7921
177 9 9526
179 9 3999
181 9 4762
183 9 6091
185 9 2435
187 9 1319
189 9 5968
191 9 478
193 9 2790
195 9 7717
197 9 8931
199 9 3593
19 10 256
21 10 1920
23 10 9600
25 10 972
27 10 8349
29 10 846
31 10 6711
33 10 4914
35 10 6181
37 10 5332
39 10 9274
41 10 3937
43 10 6846
45 10 1086
47 10 137
49 10 1438
51 10 1011
53 10 158
55 10 3725
57 10 9086
59 10 3432
61 10 7097
63 10 4922
65 10 4761
67 10 7281
69 10 2312
71 10 8638
73 10 1113
75 10 2700
77 10 4676
79 10 4958
81 10 1050
83 10 9400
85 10 2058
87 10 5976
89 10 1702
91 10 195
93 10 4124
95 10 1780
97 10 9673
99 10 3142
101 10 5474
103 10 6651
105 10 7231
107 10 6485
109 10 9485
111 10 1288
113 10 2013
115 10 8487
117 10 5237
119 10 565
121 10 6685
123 10 7422
125 10 731
127 10 5129
129 10 5672
131 10 991
133 10 6685
135 10 7934
137 10 7457
139 10 5002
141 10 2656
143 10 8223
145 10 809
147 10 5196
149 10 4366
151 10 5921
153 10 6770
155 10 9809
157 10 961
159 10 1718
161 10 4900
163 10 2413
165 10 1203
167 10 8003
169 10 9133
171 10 5223
173 10 8225
175 10 2731
177 10 4120
179 10 6272
181 10 8948
183 10 761
185 10 4264
187 10 343
189 10 7768
191 10 61
193 10 3021
195 10 6909
197 10 1182
199 10 1759
21 11 512
23 11 4352
25 11 4262
27 11 1681
29 11 4202
31 11 5423
33 11 1438
35 11 6900
37 11 9601
39 11 5571
41 11 9264
43 11 8617
45 11 2855
47 11 1172
49 11 389
51 11 923
53 11 5722
55 11 5488
57 11 3437
59 11 8953
61 11 6549
63 11 6589
65 11 6480
67 11 4584
69 11 3155
71 11 2491
73 11 9086
75 11 6544
77 11 6360
79 11 6886
81 11 7016
83 11 8469
85 11 2312
87 11 5452
89 11 1587
91 11 9267
93 11 5099
95 11 962
97 11 4894
99 11 8098
101 11 5538
103 11 2922
105 11 6537
107 11 1953
109 11 2657
111 11 956
113 11 8094
115 11 8623
117 11 8668
119 11 301
121 11 7879
123 11 8245
125 11 9699
127 11 939
129 11 8754
131 11 3282
133 11 611
135 11 5337
137 11 8741
139 11 1972
141 11 7976
143 11 796
145 11 3327
147 11 398
149 11 226
151 11 6722
153 11 5132
155 11 3865
157 11 8458
159 11 6743
161 11 5354
163 11 7755
165 11 6449
167 11 4344
169 11 8973
171 11 6821
173 11 7364
175 11 1389
177 11 887
179 11 4098
181 11 4754
183 11 2346
185 11 2391
187 11 76
189 11 7629
191 11 8228
193 11 1224
195 11 8537
197 11 5086
199 11 1854
23 12 1024
25 12 9728
27 12 9375
29 12 4711
31 12 7462
33 12 5735
35 12 4045
37 12 4379
39 12 2074
41 12 4092
43 12 5787
45 12 6692
47 12 9842
49 12 1906
51 12 2779
53 12 379
55 12 3714
57 12 8418
59 12 6434
61 12 3588
63 12 7602
65 12 7801
67 12 1038
69 12 7031
71 12 7014
73 12 4682
75 12 5565
77 12 6111
79 12 9794
81 12 3542
83 12 7947
85 12 5129
87 12 2865
89 12 4168
91 12 393
93 12 4271
95 12 3391
97 12 5010
99 12 1046
101 12 4077
103 12 8374
105 12 6065
107 12 6930
109 12 1843
111 12 6031
113 12 9436
115 12 3593
117 12 3192
119 12 9871
121 12 5462
123 12 5915
125 12 9337
127 12 6057
129 12 5602
131 12 6906
133 12 6984
135 12 196
137 12 2882
139 12 8748
141 12 7853
143 12 8469
145 12 8357
147 12 9091
149 12 4918
151 12 501
153 12 1317
155 12 618
157 12 8924
159 12 4401
161 12 1459
163 12 1606
165 12 3610
167 12 4739
169 12 6382
171 12 5190
173 12 1429
175 12 8538
177 12 7949
179 12 432
181 12 9251
183 12 6787
185 12 3045
187 12 3743
189 12 9631
191 12 9574
193 12 7544
195 12 6895
197 12 526
199 12 8739
25 13 2048
27 13 1702
29 13 2698
31 13 8017
33 13 9580
35 13 2338
37 13 960
39 13 5348
41 13 5702
43 13 3756
45 13 9220
47 13 6403
49 13 9527
51 13 9786
53 13 8613
55 13 939
57 13 2635
59 13 3842
61 13 324
63 13 1007
65 13 3266
67 13 5744
69 13 5685
71 13 7524
73 13 1843
75 13 7127
77 13 4587
79 13 3833
81 13 220
83 13 794
85 13 640
87 13 5157
89 13 6019
91 13 9776
93 13 9494
95 13 7098
97 13 9408
99 13 7551
101 13 8796
103 13 8414
105 13 6491
107 13 3070
109 13 6730
111 13 8932
113 13 5774
115 13 8642
117 13 5831
119 13 9647
121 13 5191
123 13 5406
125 13 5885
127 13 7089
129 13 9518
131 13 6986
133 13 1823
135 13 9837
137 13 591
139 13 3339
141 13 6840
143 13 7963
145 13 469
147 13 442
149 13 1747
151 13 7869
153 13 9439
155 13 9755
157 13 1603
159 13 9726
161 13 4050
163 13 371
165 13 3007
167 13 5804
169 13 7873
171 13 8829
173 13 1120
175 13 2323
177 13 8774
179 13 6289
181 13 3896
183 13 2405
185 13 2632
187 13 8042
189 13 6957
191 13 8931
193 13 5212
195 13 2069
197 13 5861
199 13 5110
27 14 4096
29 14 7500
31 14 7091
33 14 9114
35 14 1538
37 14 5542
39 14 3081
41 14 3108
43 14 1045
45 14 5193
47 14 3980
49 14 8073
51 14 12
53 14 8913
55 14 5236
57 14 2562
59 14 7269
61 14 6782
63 14 5621
65 14 9690
67 14 4663
69 14 4036
71 14 9486
73 14 1836
75 14 4453
77 14 2775
79 14 7606
81 14 9499
83 14 3769
85 14 8532
87 14 303
89 14 6057
91 14 7237
93 14 9536
95 14 9491
97 14 4951
99 14 3508
101 14 7146
103 14 1968
105 14 9673
107 14 2520
109 14 7111
111 14 2016
113 14 2630
115 14 1598
117 14 9254
119 14 2992
121 14 7329
123 14 4992
125 14 8514
127 14 5434
129 14 5985
131 14 6736
133 14 8374
135 14 5820
137 14 5142
139 14 2187
141 14 4385
143 14 9755
145 14 9553
147 14 92
149 14 2591
151 14 1887
153 14 1873
155 14 105
157 14 5496
159 14 2023
161 14 8026
163 14 4085
165 14 56
167 14 8218
169 14 3435
171 14 138
173 14 5322
175 14 5695
177 14 1485
179 14 3965
181 14 7582
183 14 7756
185 14 69
187 14 1043
189 14 302
191 14 5997
193 14 6542
195 14 5308
197 14 164
199 14 1302
29 15 8192
31 15 3390
33 15 5962
35 15 4360
37 15 1732
39 15 2322
41 15 4626
43 15 8985
45 15 5263
47 15 783
49 15 435
51 15 3981
53 15 8043
55 15 9261
57 15 4434
59 15 5181
61 15 2931
63 15 8696
65 15 7931
67 15 2208
69 15 1151
71 15 1748
73 15 5164
75 15 8557
77 15 1805
79 15 5644
81 15 9447
83 15 1176
85 15 3000
87 15 9299
89 15 9861
91 15 3506
93 15 7212
95 15 362
97 15 7054
99 15 2365
101 15 620
103 15 7122
105 15 2927
107 15 2448
109 15 2924
111 15 3978
113 15 3741
115 15 2345
117 15 5989
119 15 7881
121 15 6704
123 15 4612
125 15 7385
127 15 9434
129 15 5804
131 15 6310
133 15 4794
135 15 2772
137 15 8820
139 15 6803
141 15 4229
143 15 7665
145 15 6111
147 15 5122
149 15 7227
151 15 6743
153 15 3955
155 15 5719
157 15 5343
159 15 5031
161 15 1705
163 15 3831
165 15 9429
167 15 982
169 15 9603
171 15 2757
173 15 137
175 15 9761
177 15 3322
179 15 9692
181 15 5294
183 15 7669
185 15 5445
187 15 4255
189 15 4283
191 15 3572
193 15 9253
195 15 5710
197 15 6180
199 15 8540
31 16 6483
33 16 3362
35 16 1967
37 16 7213
39 16 2278
41 16 6829
43 16 5538
45 16 6346
47 16 596
49 16 4752
51 16 5373
53 16 6137
55 16 2615
57 16 6244
59 16 1344
61 16 9716
63 16 9332
65 16 8329
67 16 8989
69 16 7801
71 16 5764
73 16 7548
75 16 2456
77 16 2471
79 16 7542
81 16 3397
83 16 6971
85 16 2023
87 16 5100
89 16 7480
91 16 4350
93 16 9507
95 16 3081
97 16 8217
99 16 8380
101 16 5293
103 16 3283
105 16 4352
107 16 6694
109 16 1971
111 16 3461
113 16 1002
115 16 4959
117 16 4679
119 16 7864
121 16 1031
123 16 282
125 16 4355
127 16 7878
129 16 5568
131 16 9328
133 16 8030
135 16 4312
137 16 2726
139 16 1431
141 16 630
143 16 6812
145 16 5049
147 16 110
149 16 3794
151 16 9738
153 16 6438
155 16 8107
157 16 8896
159 16 2911
161 16 8833
163 16 1912
165 16 5352
167 16 2842
169 16 5715
171 16 7342
173 16 1274
175 16 8535
177 16 5316
179 16 1589
181 16 959
183 16 3363
185 16 4248
187 16 6705
189 16 6355
191 16 5522
193 16 9602
195 16 5674
197 16 73
199 16 9054
33 17 3065
35 17 9789
37 17 6887
39 17 7529
41 17 4370
43 17 2473
45 17 6455
47 17 9843
49 17 6372
51 17 9006
53 17 6251
55 17 2761
57 17 5147
59 17 4526
61 17 2225
63 17 8765
65 17 1493
67 17 572
69 17 4159
71 17 149
73 17 2010
75 17 1274
77 17 6352
79 17 7753
81 17 2490
83 17 5007
85 17 3603
87 17 6725
89 17 6963
91 17 878
93 17 1109
95 17 8180
97 17 1906
99 17 2536
101 17 1447
103 17 5471
105 17 8052
107 17 9359
109 17 9256
111 17 4002
113 17 2232
115 17 4322
117 17 1382
119 17 2724
121 17 5463
123 17 7458
125 17 7347
127 17 9351
129 17 1046
131 17 981
133 17 2801
135 17 5496
137 17 2275
139 17 5921
141 17 2986
143 17 497
145 17 9575
147 17 2059
149 17 79
151 17 5388
153 17 4803
155 17 4499
157 17 8856
159 17 6202
161 17 3529
163 17 4628
165 17 9688
167 17 1796
169 17 3458
171 17 7252
173 17 3782
175 17 7141
177 17 5247
179 17 8855
181 17 6722
183 17 399
185 17 7725
187 17 7412
189 17 4690
191 17 4894
193 17 1500
195 17 376
197 17 5973
199 17 7183
35 18 6130
37 18 5906
39 18 6008
41 18 9529
43 18 7333
45 18 659
47 18 4203
49 18 459
51 18 8905
53 18 911
55 18 776
57 18 9735
59 18 3878
61 18 8975
63 18 7457
65 18 7605
67 18 8605
69 18 4198
71 18 2228
73 18 610
75 18 2509
77 18 1120
79 18 5415
81 18 9743
83 18 6414
85 18 8984
87 18 9873
89 18 8490
91 18 967
93 18 1
95 18 7629
97 18 1920
99 18 2626
101 18 9037
103 18 1548
105 18 5176
107 18 5645
109 18 3400
111 18 6053
113 18 1245
115 18 9499
117 18 9039
119 18 8246
121 18 4740
123 18 1583
125 18 946
127 18 3235
129 18 2104
131 18 8073
133 18 1584
135 18 6879
137 18 3096
139 18 9256
141 18 6506
143 18 39
145 18 6321
147 18 3483
149 18 5933
151 18 618
153 18 1540
155 18 2197
157 18 7564
159 18 849
161 18 8137
163 18 4050
165 18 5415
167 18 1759
169 18 6625
171 18 8727
173 18 4211
175 18 7159
177 18 1951
179 18 9843
181 18 4885
183 18 2729
185 18 2314
187 18 9221
189 18 6764
191 18 8493
193 18 3978
195 18 4390
197 18 5271
199 18 9817
37 19 2359
39 19 4270
41 19 8744
43 19 7087
45 19 1327
47 19 2388
49 19 1150
51 19 2223
53 19 5402
55 19 6251
57 19 8426
59 19 6970
61 19 9747
63 19 6014
65 19 9853
67 19 7590
69 19 8184
71 19 2917
73 19 4427
75 19 9416
77 19 4800
79 19 3614
81 19 5191
83 19 2772
85 19 1758
87 19 7619
89 19 5046
91 19 9514
93 19 6452
95 19 6534
97 19 6497
99 19 2628
101 19 5555
103 19 6299
105 19 8192
107 19 1713
109 19 9745
111 19 6159
113 19 315
115 19 2033
117 19 2922
119 19 1555
121 19 4390
123 19 1009
125 19 8314
127 19 8638
129 19 3974
131 19 6477
133 19 7142
135 19 9198
137 19 3218
139 19 5758
141 19 3373
143 19 4996
145 19 3885
147 19 212
149 19 924
151 19 8688
153 19 2442
155 19 6129
157 19 9787
159 19 6684
161 19 999
163 19 8466
165 19 9221
167 19 7584
169 19 2196
171 19 525
173 19 2538
175 19 3108
177 19 751
179 19 3548
181 19 9271
183 19 3472
185 19 6231
187 19 4000
189 19 3376
191 19 150
193 19 3020
195 19 7446
197 19 2000
199 19 802
39 20 4718
41 20 3357
43 20 5761
45 20 3025
47 20 2140
49 20 5290
51 20 2610
53 20 4887
55 20 8858
57 20 3847
59 20 4703
61 20 3982
63 20 5831
65 20 9680
67 20 4562
69 20 1750
71 20 4153
73 20 8765
75 20 626
77 20 2487
79 20 7068
81 20 7521
83 20 4081
85 20 9262
87 20 6011
89 20 2939
91 20 4135
93 20 1252
95 20 4576
97 20 8590
99 20 8510
101 20 408
103 20 101
105 20 796
107 20 8074
109 20 613
111 20 3874
113 20 3414
115 20 6579
117 20 3658
119 20 8063
121 20 6506
123 20 3232
125 20 8783
127 20 7661
129 20 8798
131 20 3931
133 20 5279
135 20 5309
137 20 7993
139 20 3770
141 20 2869
143 20 2218
145 20 5729
147 20 9701
149 20 3366
151 20 448
153 20 7447
155 20 4189
157 20 7759
159 20 2113
161 20 1827
163 20 596
165 20 2385
167 20 9371
169 20 1224
171 20 2322
173 20 8696
175 20 3029
177 20 8184
179 20 8128
181 20 7377
183 20 5978
185 20 8719
187 20 4423
189 20 1898
191 20 4984
193 20 6570
195 20 7859
197 20 6913
199 20 5071
41 21 9436
43 21 6249
45 21 7405
47 21 8873
49 21 1028
51 21 620
53 21 882
55 21 6009
57 21 2492
59 21 5405
61 21 9787
63 21 2377
65 21 5205
67 21 9316
69 21 2843
71 21 5273
73 21 5862
75 21 4384
77 21 4678
79 21 7646
81 21 7835
83 21 2901
85 21 1144
87 21 760
89 21 8216
91 21 6706
93 21 6667
95 21 9109
97 21 4004
99 21 3391
101 21 9276
103 21 7320
105 21 6288
107 21 5822
109 21 7700
111 21 5959
113 21 6694
115 21 4873
117 21 1450
119 21 2007
121 21 9866
123 21 9527
125 21 9407
127 21 5460
129 21 3746
131 21 5527
133 21 8030
135 21 150
137 21 5110
139 21 8905
141 21 6455
143 21 9678
145 21 1479
147 21 2577
149 21 8278
151 21 583
153 21 4795
155 21 1885
157 21 8035
159 21 6845
161 21 6144
163 21 6162
165 21 3656
167 21 159
169 21 7221
171 21 3006
173 21 3693
175 21 8388
177 21 9619
179 21 939
181 21 5865
183 21 7723
185 21 5689
187 21 3029
189 21 6677
191 21 7789
193 21 4645
195 21 3726
197 21 8108
199 21 9605
43 22 8971
45 22 1667
47 22 5646
49 22 3397
51 22 9783
53 22 1225
55 22 2371
57 22 9156
59 22 5323
61 22 762
63 22 8628
65 22 6888
67 22 9615
69 22 7240
71 22 3546
73 22 5013
75 22 3411
77 22 6852
79 22 9496
81 22 6560
83 22 9628
85 22 1335
87 22 1705
89 22 1587
91 22 142
93 22 4237
95 22 8100
97 22 9473
99 22 4481
101 22 9083
103 22 1660
105 22 9115
107 22 5429
109 22 3497
111 22 8090
113 22 625
115 22 1617
117 22 5172
119 22 4396
121 22 1715
123 22 8537
125 22 4566
127 22 9092
129 22 4938
131 22 4459
133 22 5763
135 22 3382
137 22 4339
139 22 2013
141 22 8483
143 22 7370
145 22 9306
147 22 1579
149 22 4383
151 22 6854
153 22 1184
155 22 1375
157 22 3125
159 22 1718
161 22 719
163 22 6920
165 22 6572
167 22 1716
169 22 8743
171 22 7486
173 22 812
175 22 7063
177 22 2058
179 22 7478
181 22 2484
183 22 7156
185 22 2440
187 22 6899
189 22 7580
191 22 4587
193 22 7912
195 22 662
197 22 1837
199 22 1143
45 23 8041
47 23 1474
49 23 1005
51 23 5553
53 23 9871
55 23 1214
57 23 4177
59 23 678
61 23 9607
63 23 7811
65 23 4268
67 23 8311
69 23 6919
71 23 5621
73 23 8736
75 23 3176
77 23 6069
79 23 280
81 23 2338
83 23 4524
85 23 1920
87 23 4473
89 23 8055
91 23 4957
93 23 3461
95 23 7668
97 23 1220
99 23 6236
101 23 5391
103 23 1760
105 23 1578
107 23 3878
109 23 7294
111 23 2215
113 23 3960
115 23 5424
117 23 1442
119 23 6504
121 23 8022
123 23 3326
125 23 576
127 23 7688
129 23 3142
131 23 6201
133 23 5005
135 23 7125
137 23 2751
139 23 5214
141 23 8636
143 23 705
145 23 8783
147 23 8853
149 23 7347
151 23 3837
153 23 6737
155 23 6558
157 23 1442
159 23 1661
161 23 4990
163 23 3102
165 23 9023
167 23 6249
169 23 3901
171 23 9500
173 23 2184
175 23 9710
177 23 3878
179 23 787
181 23 2409
183 23 807
185 23 874
187 23 8522
189 23 7519
191 23 2912
193 23 7359
195 23 9052
197 23 8489
199 23 5689
47 24 6181
49 24 9129
51 24 7419
53 24 412
55 24 7429
57 24 8771
59 24 4336
61 24 7823
63 24 2673
65 24 3727
67 24 8872
69 24 5081
71 24 2084
73 24 3288
75 24 6102
77 24 8395
79 24 2855
81 24 6296
83 24 2610
85 24 4932
87 24 731
89 24 7352
91 24 9470
93 24 2554
95 24 9777
97 24 8427
99 24 9325
101 24 9034
103 24 5950
105 24 3204
107 24 5716
109 24 661
111 24 6683
113 24 6915
115 24 3167
117 24 944
119 24 1533
121 24 9101
123 24 5876
125 24 1629
127 24 2973
129 24 9373
131 24 8218
133 24 5769
135 24 6601
137 24 7617
139 24 4129
141 24 8586
143 24 1336
145 24 9376
147 24 1482
149 24 3574
151 24 6740
153 24 4456
155 24 5066
157 24 5213
159 24 3346
161 24 2727
163 24 6611
165 24 7913
167 24 418
169 24 6660
171 24 5028
173 24 5281
175 24 4991
177 24 4271
179 24 7589
181 24 2797
183 24 7783
185 24 8056
187 24 8536
189 24 5027
191 24 8665
193 24 2934
195 24 1721
197 24 6194
199 24 375
49 25 2461
51 25 917
53 25 8315
55 25 5077
57 25 2785
59 25 1865
61 25 3033
63 25 6522
65 25 5913
67 25 672
69 25 6621
71 25 6195
73 25 3894
75 25 6963
77 25 4086
79 25 1236
81 25 1571
83 25 5769
85 25 1669
87 25 3683
89 25 6713
91 25 4923
93 25 4033
95 25 5827
97 25 6573
99 25 1023
101 25 5261
103 25 1356
105 25 430
107 25 5741
109 25 4905
111 25 3021
113 25 9193
115 25 4026
117 25 1155
119 25 9718
121 25 9428
123 25 1294
125 25 6575
127 25 2957
129 25 54
131 25 9742
133 25 8847
135 25 3510
137 25 5667
139 25 2460
141 25 8796
143 25 796
145 25 5648
147 25 5395
149 25 4233
151 25 3761
153 25 7651
155 25 4985
157 25 8136
159 25 3967
161 25 4027
163 25 6403
165 25 5327
167 25 2073
169 25 3575
171 25 3847
173 25 1331
175 25 7328
177 25 3907
179 25 3746
181 25 1624
183 25 8332
185 25 1518
187 25 8080
189 25 4482
191 25 4072
193 25 5026
195 25 1530
197 25 4068
199 25 4413
51 26 4922
53 26 6756
55 26 8506
57 26 5557
59 26 8250
61 26 8524
63 26 1554
65 26 1134
67 26 6238
69 26 7457
71 26 1967
73 26 9353
75 26 774
77 26 3566
79 26 8496
81 26 1623
83 26 6156
85 26 2799
87 26 7440
89 26 601
91 26 240
93 26 9790
95 26 4943
97 26 6555
99 26 7642
101 26 4604
103 26 1205
105 26 669
107 26 6126
109 26 855
111 26 8906
113 26 601
115 26 8207
117 26 8113
119 26 334
121 26 8894
123 26 4984
125 26 9864
127 26 3970
129 26 2788
131 26 3351
133 26 6611
135 26 56
137 26 4897
139 26 61
141 26 5122
143 26 4070
145 26 7452
147 26 1008
149 26 9403
151 26 5633
153 26 2232
155 26 4837
157 26 6773
159 26 1750
161 26 3499
163 26 3065
165 26 1665
167 26 4938
169 26 8340
171 26 4314
173 26 7928
175 26 7376
177 26 5451
179 26 5318
181 26 3109
183 26 7739
185 26 445
187 26 4554
189 26 9598
191 26 4305
193 26 8042
195 26 4883
197 26 3668
199 26 3929
53 27 9844
55 27 3554
57 27 707
59 27 5360
61 27 9588
63 27 877
65 27 5883
67 27 8626
69 27 2325
71 27 7153
73 27 3827
75 27 5774
77 27 8983
79 27 648
81 27 8203
83 27 6028
85 27 2324
87 27 8204
89 27 6272
91 27 3331
93 27 9789
95 27 3655
97 27 9604
99 27 3012
101 27 4808
103 27 3471
105 27 5265
107 27 1913
109 27 7215
111 27 7927
113 27 2055
115 27 5159
117 27 1740
119 27 6108
121 27 8222
123 27 8881
125 27 4202
127 27 6956
129 27 6950
131 27 6108
133 27 4509
135 27 8401
137 27 8760
139 27 4465
141 27 8352
143 27 2855
145 27 9223
147 27 1911
149 27 7572
151 27 1592
153 27 923
155 27 8269
157 27 668
159 27 7163
161 27 7943
163 27 444
165 27 8476
167 27 3369
169 27 9849
171 27 8595
173 27 5931
175 27 2856
177 27 8919
179 27 5085
181 27 4264
183 27 796
185 27 794
187 27 5059
189 27 4012
191 27 3814
193 27 839
195 27 2458
197 27 3879
199 27 6357
55 28 9787
57 28 6994
59 28 8294
61 28 5978
63 28 7262
65 28 5550
67 28 2815
69 28 9401
71 28 4280
73 28 9687
75 28 3839
77 28 4969
79 28 6834
81 28 2224
83 28 5564
85 28 9727
87 28 5212
89 28 2586
91 28 4258
93 28 8717
95 28 7754
97 28 9337
99 28 9507
101 28 8751
103 28 5002
105 28 7727
107 28 1169
109 28 2931
111 28 1292
113 28 6939
115 28 7467
117 28 6074
119 28 7565
121 28 3841
123 28 840
125 28 2477
127 28 3067
129 28 60
131 28 8903
133 28 5318
135 28 7025
137 28 4944
139 28 2873
141 28 7742
143 28 7728
145 28 1552
147 28 5457
149 28 475
151 28 4467
153 28 1689
155 28 2107
157 28 1130
159 28 3761
161 28 1491
163 28 7879
165 28 9746
167 28 5345
169 28 4614
171 28 3617
173 28 2966
175 28 1291
177 28 8770
179 28 1521
181 28 4041
183 28 9726
185 28 1571
187 28 9866
189 28 7132
191 28 8746
193 28 1744
195 28 3864
197 28 8866
199 28 9894
57 29 9673
59 29 3859
61 29 417
63 29 5875
65 29 7592
67 29 1900
69 29 4100
71 29 9161
73 29 663
75 29 2271
77 29 6644
79 29 7439
81 29 1856
83 29 8019
85 29 5243
87 29 1128
89 29 2059
91 29 3230
93 29 4110
95 29 6055
97 29 4054
99 29 400
101 29 5454
103 29 673
105 29 1570
107 29 7578
109 29 9373
111 29 2624
113 29 7238
115 29 6889
117 29 8992
119 29 1984
121 29 6718
123 29 2287
125 29 1398
127 29 9659
129 29 6277
131 29 5927
133 29 8502
135 29 999
137 29 2530
139 29 8973
141 29 2844
143 29 6670
145 29 8745
147 29 2560
149 29 6493
151 29 9508
153 29 6498
155 29 9224
157 29 5859
159 29 9209
161 29 2683
163 29 6910
165 29 9262
167 29 5467
169 29 4196
171 29 2515
173 29 6715
175 29 7982
177 29 3306
179 29 1669
181 29 2288
183 29 4971
185 29 1299
187 29 7293
189 29 1622
191 29 6105
193 29 6733
195 29 49
197 29 5895
199 29 6017
59 30 9445
61 30 7262
63 30 7640
65 30 5938
67 30 1402
69 30 6841
71 30 520
73 30 4008
75 30 5398
77 30 7833
79 30 4903
81 30 6079
83 30 7142
85 30 8032
87 30 2952
89 30 3072
91 30 6017
93 30 1089
95 30 6945
97 30 6795
99 30 3056
101 30 2583
103 30 5946
105 30 2934
107 30 4050
109 30 4169
111 30 9615
113 30 6934
115 30 4054
117 30 5745
119 30 458
121 30 5329
123 30 5482
125 30 16
127 30 1881
129 30 6828
131 30 9041
133 30 9586
135 30 3789
137 30 5612
139 30 1331
141 30 5582
143 30 822
145 30 7235
147 30 2619
149 30 3644
151 30 7228
153 30 5881
155 30 1742
157 30 1405
159 30 4860
161 30 4967
163 30 9564
165 30 2199
167 30 4876
169 30 8592
171 30 1815
173 30 3491
175 30 30
177 30 1991
179 30 4456
181 30 3439
183 30 9015
185 30 5341
187 30 9259
189 30 8408
191 30 3084
193 30 8118
195 30 8312
197 30 1649
199 30 5056
61 31 8989
63 31 3711
65 31 8178
67 31 2139
69 31 6082
71 31 4442
73 31 1075
75 31 8144
77 31 6582
79 31 3032
81 31 2204
83 31 6860
85 31 3790
87 31 4734
89 31 1632
91 31 3798
93 31 9060
95 31 7351
97 31 9172
99 31 9698
101 31 3566
103 31 9878
105 31 3176
107 31 1820
109 31 7729
111 31 1540
113 31 3372
115 31 3916
117 31 4156
119 31 3270
121 31 1802
123 31 635
125 31 2392
127 31 1752
129 31 5378
131 31 1058
133 31 970
135 31 1376
137 31 6307
139 31 3141
141 31 1335
143 31 4273
145 31 7615
147 31 136
149 31 1786
151 31 6298
153 31 3666
155 31 1441
157 31 4978
159 31 4198
161 31 2331
163 31 1164
165 31 4901
167 31 7697
169 31 6324
171 31 4968
173 31 8786
175 31 7238
177 31 9535
179 31 6812
181 31 6344
183 31 2365
185 31 1062
187 31 5745
189 31 5550
191 31 2727
193 31 1737
195 31 3458
197 31 875
199 31 5508
63 32 8077
65 32 5598
67 32 328
69 32 6556
71 32 1322
73 32 70
75 32 256
77 32 1473
79 32 4435
81 32 4598
83 32 9206
85 32 8715
87 32 7043
89 32 1357
91 32 5209
93 32 3953
95 32 445
97 32 465
99 32 2117
101 32 4809
103 32 9424
105 32 2370
107 32 1805
109 32 9159
111 32 6206
113 32 7888
115 32 9799
117 32 1997
119 32 3392
121 32 3512
123 32 8039
125 32 7443
127 32 1986
129 32 7520
131 32 3552
133 32 6575
135 32 3445
137 32 3391
139 32 1224
141 32 3919
143 32 980
145 32 4947
147 32 3381
149 32 6869
151 32 1763
153 32 3401
155 32 3775
157 32 3525
159 32 328
161 32 8804
163 32 2890
165 32 6664
167 32 3009
169 32 5806
171 32 9352
173 32 3101
175 32 9046
177 32 345
179 32 8470
181 32 2039
183 32 1963
185 32 1285
187 32 2826
189 32 6844
191 32 9189
193 32 4510
195 32 475
197 32 1032
199 32 9655
65 33 6253
67 33 7548
69 33 4556
71 33 8019
73 33 2174
75 33 6113
77 33 73
79 33 2344
81 33 6969
83 33 9596
85 33 9792
87 33 8827
89 33 3580
91 33 3890
93 33 2615
95 33 4254
97 33 1229
99 33 7150
101 33 529
103 33 4584
105 33 4832
107 33 807
109 33 1137
111 33 1298
113 33 9616
115 33 6110
117 33 8132
119 33 61
121 33 3845
123 33 8990
125 33 9645
127 33 2452
129 33 1203
131 33 8968
133 33 957
135 33 452
137 33 856
139 33 9866
141 33 6093
143 33 1817
145 33 3976
147 33 5685
149 33 9546
151 33 7281
153 33 5485
155 33 1722
157 33 2390
159 33 9215
161 33 4556
163 33 8837
165 33 3125
167 33 4846
169 33 5936
171 33 2014
173 33 6136
175 33 4985
177 33 8130
179 33 7486
181 33 7606
183 33 179
185 33 8972
187 33 9496
189 33 7539
191 33 9138
193 33 8355
195 33 4953
197 33 1638
199 33 6802
67 34 2605
69 34 7800
71 34 9616
73 34 8961
75 34 2045
77 34 9023
79 34 8697
81 34 6099
83 34 800
85 34 2562
87 34 2596
89 34 8691
91 34 2352
93 34 4196
95 34 2597
97 34 678
99 34 2539
101 34 2491
103 34 9734
105 34 1671
107 34 2035
109 34 4955
111 34 5564
113 34 4309
115 34 470
117 34 6771
119 34 2035
121 34 4023
123 34 3932
125 34 6936
127 34 5315
129 34 4420
131 34 840
133 34 7177
135 34 3736
137 34 7390
139 34 685
141 34 1401
143 34 390
145 34 994
147 34 1352
149 34 6446
151 34 2528
153 34 9680
155 34 2019
157 34 8861
159 34 5839
161 34 4222
163 34 1626
165 34 1093
167 34 1983
169 34 4802
171 34 469
173 34 470
175 34 584
177 34 5318
179 34 7587
181 34 3253
183 34 2964
185 34 4985
187 34 8145
189 34 4940
191 34 3851
193 34 2013
195 34 8312
197 34 9847
199 34 7138
69 35 5210
71 35 1008
73 35 5648
75 35 5295
77 35 3495
79 35 7201
81 35 2822
83 35 3427
85 35 6344
87 35 5628
89 35 1876
91 35 285
93 35 2733
95 35 4635
97 35 4142
99 35 162
101 35 6085
103 35 7451
105 35 4808
107 35 4544
109 35 6682
111 35 6580
113 35 3426
115 35 2080
117 35 8904
119 35 1245
121 35 7802
123 35 2385
125 35 7615
127 35 1753
129 35 8933
131 35 8689
133 35 2352
135 35 6230
137 35 4926
139 35 9793
141 35 299
143 35 6358
145 35 7038
147 35 6636
149 35 4047
151 35 6934
153 35 7522
155 35 8354
157 35 4166
159 35 459
161 35 6744
163 35 1125
165 35 6989
167 35 6053
169 35 6666
171 35 8343
173 35 1543
175 35 2588
177 35 8050
179 35 8067
181 35 5262
183 35 7971
185 35 4374
187 35 338
189 35 996
191 35 5846
193 35 8675
195 35 315
197 35 1004
199 35 4757
71 36 519
73 36 2535
75 36 4449
77 36 8711
79 36 8013
81 36 559
83 36 2260
85 36 9488
87 36 1008
89 36 3269
91 36 5410
93 36 5959
95 36 2387
97 36 7797
99 36 7513
101 36 2014
103 36 4938
105 36 383
107 36 2404
109 36 5224
111 36 3241
113 36 4398
115 36 6726
117 36 6027
119 36 5109
121 36 7464
123 36 8480
125 36 9403
127 36 5465
129 36 6507
131 36 9599
133 36 1344
135 36 1333
137 36 6738
139 36 2007
141 36 6925
143 36 8061
145 36 5521
147 36 9006
149 36 7592
151 36 9565
153 36 6859
155 36 4583
157 36 7978
159 36 5437
161 36 5465
163 36 1752
165 36 7441
167 36 2543
169 36 555
171 36 4186
173 36 4228
175 36 468
177 36 426
179 36 8404
181 36 2652
183 36 9179
185 36 564
187 36 6536
189 36 8036
191 36 3248
193 36 2497
195 36 3419
197 36 1861
199 36 8440
73 37 1038
75 37 6108
77 37 6143
79 37 2046
81 37 2017
83 37 3133
85 37 5268
87 37 6343
89 37 3828
91 37 3316
93 37 877
95 37 3743
97 37 6955
99 37 8359
101 37 3380
103 37 5338
105 37 665
107 37 5378
109 37 2173
111 37 9457
113 37 2278
115 37 9649
117 37 3734
119 37 4305
121 37 47
123 37 5554
125 37 9266
127 37 272
129 37 6002
131 37 3268
133 37 7536
135 37 3159
137 37 8358
139 37 5129
141 37 4230
143 37 4159
145 37 2227
147 37 1104
149 37 1615
151 37 9470
153 37 5463
155 37 3308
157 37 9241
159 37 8824
161 37 5925
163 37 5374
165 37 9640
167 37 6009
169 37 195
171 37 2027
173 37 6990
175 37 5479
177 37 9347
179 37 7284
181 37 3673
183 37 247
185 37 9394
187 37 5374
189 37 1292
191 37 3967
193 37 1944
195 37 3839
197 37 2784
199 37 6633
75 38 2076
77 38 4391
79 38 8852
81 38 1685
83 38 4030
85 38 1496
87 38 4437
89 38 3624
91 38 3457
93 38 9817
95 38 3452
97 38 4362
99 38 5332
101 38 6411
103 38 2620
105 38 1380
107 38 9224
109 38 4631
111 38 7919
113 38 1493
115 38 1706
117 38 366
119 38 4304
121 38 9361
123 38 1054
125 38 4414
127 38 2536
129 38 45
131 38 310
133 38 6379
135 38 942
137 38 1483
139 38 3108
141 38 432
143 38 4488
145 38 9445
147 38 5693
149 38 1470
151 38 4633
153 38 8979
155 38 2299
157 38 1094
159 38 9025
161 38 4289
163 38 5068
165 38 8456
167 38 9783
169 38 1417
171 38 9493
173 38 224
175 38 1063
177 38 7707
179 38 7941
181 38 9466
183 38 5213
185 38 7085
187 38 2738
189 38 3414
191 38 2967
193 38 6965
195 38 8489
197 38 7984
199 38 2886
77 39 4152
79 39 3033
81 39 5087
83 39 9893
85 39 361
87 39 7604
89 39 1678
91 39 1503
93 39 6370
95 39 3396
97 39 3653
99 39 2646
101 39 9089
103 39 1621
105 39 1210
107 39 5887
109 39 7552
111 39 7146
113 39 4762
115 39 4201
117 39 1740
119 39 3573
121 39 1502
123 39 1920
125 39 6414
127 39 7612
129 39 8903
131 39 6315
133 39 9587
135 39 1443
137 39 231
139 39 2487
141 39 150
143 39 1957
145 39 2254
147 39 8849
149 39 1790
151 39 9074
153 39 7064
155 39 7003
157 39 1035
159 39 5743
161 39 661
163 39 866
165 39 426
167 39 6649
169 39 3353
171 39 2137
173 39 5912
175 39 9662
177 39 4268
179 39 8797
181 39 9186
183 39 2398
185 39 5377
187 39 4719
189 39 1811
191 39 4241
193 39 364
195 39 9477
197 39 9680
199 39 406
79 40 8304
81 40 4469
83 40 3145
85 40 4404
87 40 9224
89 40 5410
91 40 8312
93 40 8813
95 40 7128
97 40 3399
99 40 7646
101 40 6751
103 40 7301
105 40 1841
107 40 6254
109 40 7911
111 40 5669
113 40 7551
115 40 2430
117 40 6557
119 40 5682
121 40 5590
123 40 6000
125 40 8612
127 40 7469
129 40 7662
131 40 2549
133 40 8033
135 40 7073
137 40 6595
139 40 8943
141 40 7670
143 40 2186
145 40 6358
147 40 9621
149 40 610
151 40 8049
153 40 222
155 40 8195
157 40 8701
159 40 5539
161 40 992
163 40 5096
165 40 4723
167 40 908
169 40 914
171 40 397
173 40 7211
175 40 8500
177 40 2717
179 40 8556
181 40 7188
183 40 6345
185 40 6862
187 40 4988
189 40 7391
191 40 8562
193 40 4031
195 40 4293
197 40 9897
199 40 4054
81 41 6707
83 41 5744
85 41 8840
87 41 7103
89 41 206
91 41 11
93 41 1713
95 41 8578
97 41 3115
99 41 680
101 41 2918
103 41 7949
105 41 7099
107 41 7668
109 41 2175
111 41 932
113 41 6320
115 41 5614
117 41 6211
119 41 4404
121 41 6789
123 41 5992
125 41 9544
127 41 9084
129 41 4678
131 41 9090
133 41 707
135 41 5501
137 41 7418
139 41 7061
141 41 5392
143 41 3772
145 41 4888
147 41 325
149 41 5428
151 41 8938
153 41 3752
155 41 961
157 41 3845
159 41 778
161 41 802
163 41 3016
165 41 5281
167 41 8359
169 41 5475
171 41 707
173 41 9330
175 41 3278
177 41 1008
179 41 7048
181 41 1997
183 41 8863
185 41 884
187 41 140
189 41 8352
191 41 1517
193 41 4963
195 41 1770
197 41 6741
199 41 8766
83 42 3513
85 42 5100
87 42 6491
89 42 3120
91 42 8085
93 42 9782
95 42 1706
97 42 7421
99 42 7566
101 42 4955
103 42 8696
105 42 4796
107 42 7972
109 42 9037
111 42 9824
113 42 9766
115 42 826
117 42 2702
119 42 2382
121 42 751
123 42 9426
125 42 4989
127 42 3522
129 42 9183
131 42 7334
133 42 1119
135 42 8573
137 42 6346
139 42 7544
141 42 4715
143 42 6567
145 42 1032
147 42 4921
149 42 2075
151 42 5535
153 42 5011
155 42 1034
157 42 4613
159 42 8159
161 42 1270
163 42 3069
165 42 5766
167 42 5132
169 42 2759
171 42 824
173 42 4718
175 42 716
177 42 6604
179 42 5441
181 42 311
183 42 5372
185 42 4444
187 42 8956
189 42 8533
191 42 2765
193 42 1120
195 42 1617
197 42 4785
199 42 2660
85 43 7026
87 43 7325
89 43 7531
91 43 5445
93 43 9619
95 43 6461
97 43 332
99 43 2672
101 43 7190
103 43 5720
105 43 7499
107 43 7350
109 43 7204
111 43 1047
113 43 5903
115 43 6075
117 43 2750
119 43 9623
121 43 3688
123 43 1597
125 43 5812
127 43 8472
129 43 1832
131 43 5857
133 43 5482
135 43 4417
137 43 589
139 43 5218
141 43 988
143 43 1467
145 43 6778
147 43 191
149 43 2850
151 43 9160
153 43 3973
155 43 6862
157 43 5382
159 43 938
161 43 9329
163 43 241
165 43 2170
167 43 5776
169 43 5624
171 43 5443
173 43 3232
175 43 1166
177 43 4229
179 43 3628
181 43 4586
183 43 8922
185 43 5374
187 43 1812
189 43 4824
191 43 6322
193 43 1078
195 43 161
197 43 7873
199 43 6071
87 44 4151
89 44 8900
91 44 8311
93 44 6700
95 44 3497
97 44 3741
99 44 5363
101 44 3918
103 44 1521
105 44 16
107 44 5417
109 44 2322
111 44 5550
113 44 2213
115 44 2789
117 44 2196
119 44 8438
121 44 7749
123 44 190
125 44 3623
127 44 6889
129 44 9378
131 44 4685
133 44 1430
135 44 4358
137 44 6490
139 44 4854
141 44 1503
143 44 3876
145 44 7090
147 44 6155
149 44 5818
151 44 119
153 44 5608
155 44 3581
157 44 6628
159 44 3226
161 44 5824
163 44 5303
165 44 1965
167 44 7435
169 44 9719
171 44 4527
173 44 5563
175 44 717
177 44 2566
179 44 2468
181 44 9549
183 44 6034
185 44 4771
187 44 1879
189 44 4455
191 44 7022
193 44 4070
195 44 535
197 44 4358
199 44 1899
89 45 8302
91 45 6300
93 45 1521
95 45 8122
97 45 1440
99 45 9398
101 45 7049
103 45 3985
105 45 6855
107 45 640
109 45 4947
111 45 2086
113 45 238
115 45 1768
117 45 9795
119 45 5876
121 45 6709
123 45 5430
125 45 858
127 45 431
129 45 4670
131 45 2042
133 45 9135
135 45 6590
137 45 5213
139 45 7352
141 45 1936
143 45 3800
145 45 8312
147 45 5000
149 45 971
151 45 8640
153 45 4279
155 45 1171
157 45 5610
159 45 4726
161 45 7896
163 45 2993
165 45 2966
167 45 6190
169 45 6235
171 45 2940
173 45 9005
175 45 3492
177 45 3326
179 45 942
181 45 2513
183 45 4102
185 45 1970
187 45 1860
189 45 9683
191 45 5358
193 45 3481
195 45 8103
197 45 1065
199 45 6513
91 46 6703
93 46 9402
95 46 9246
97 46 8694
99 46 3832
101 46 2547
103 46 2199
105 46 7626
107 46 1216
109 46 8028
111 46 4785
113 46 7979
115 46 4585
117 46 8434
119 46 2968
121 46 9369
123 46 9567
125 46 956
127 46 6172
129 46 1586
131 46 6176
133 46 9431
135 46 7460
137 46 2895
139 46 8546
141 46 4258
143 46 1588
145 46 1120
147 46 1442
149 46 7025
151 46 3909
153 46 8082
155 46 9613
157 46 6797
159 46 2742
161 46 2888
163 46 2492
165 46 4522
167 46 4520
169 46 2532
171 46 6608
173 46 9803
175 46 755
177 46 5523
179 46 1758
181 46 1241
183 46 8789
185 46 1523
187 46 7156
189 46 5311
191 46 1801
193 46 1266
195 46 8273
197 46 351
199 46 4479
93 47 3505
95 47 2507
97 47 4702
99 47 1904
101 47 7106
103 47 5905
105 47 9213
107 47 4715
109 47 3595
111 47 9584
113 47 7614
115 47 8218
117 47 9796
119 47 6360
121 47 5135
123 47 2199
125 47 9895
127 47 8912
129 47 1448
131 47 3573
133 47 793
135 47 8083
137 47 9133
139 47 6141
141 47 8811
143 47 5333
145 47 6842
147 47 9240
149 47 3951
151 47 3934
153 47 1406
155 47 2110
157 47 8910
159 47 2846
161 47 6674
163 47 3103
165 47 6973
167 47 7077
169 47 106
171 47 8078
173 47 7846
175 47 5094
177 47 6979
179 47 4799
181 47 5141
183 47 6212
185 47 4355
187 47 4237
189 47 476
191 47 6561
193 47 9706
195 47 3946
197 47 8538
199 47 4345
95 48 7010
97 48 2123
99 48 8636
101 48 8785
103 48 1622
105 48 9630
107 48 8629
109 48 2326
111 48 6858
113 48 5989
115 48 4322
117 48 1252
119 48 8687
121 48 8299
123 48 6526
125 48 1324
127 48 4099
129 48 7911
131 48 802
133 48 6585
135 48 8145
137 48 8228
139 48 702
141 48 3240
143 48 3535
145 48 7332
147 48 4099
149 48 2134
151 48 9471
153 48 6978
155 48 1595
157 48 9071
159 48 8207
161 48 2380
163 48 4555
165 48 3978
167 48 5967
169 48 1934
171 48 6028
173 48 9062
175 48 679
177 48 1037
179 48 7308
181 48 3250
183 48 6402
185 48 7047
187 48 3648
189 48 7798
191 48 8089
193 48 6639
195 48 3133
197 48 3835
199 48 5784
97 49 4119
99 49 8365
101 49 53
103 49 4523
105 49 5541
107 49 208
109 49 5594
111 49 9237
113 49 3345
115 49 7891
117 49 9236
119 49 7893
121 49 1059
123 49 2413
125 49 3753
127 49 8222
129 49 9877
131 49 5713
133 49 8779
135 49 3217
137 49 3926
139 49 4476
141 49 1718
143 49 1529
145 49 3233
147 49 632
149 49 6912
151 49 3138
153 49 8121
155 49 7467
157 49 9702
159 49 576
161 49 3277
163 49 2216
165 49 5445
167 49 3844
169 49 5263
171 49 1731
173 49 5614
175 49 9578
177 49 1500
179 49 6502
181 49 7106
183 49 2141
185 49 9048
187 49 5446
189 49 5344
191 49 8696
193 49 7079
195 49 9525
197 49 7194
199 49 9238
99 50 8238
101 50 5166
103 50 3609
105 50 4594
107 50 1500
109 50 6375
111 50 9170
113 50 8961
115 50 1727
117 50 1184
119 50 877
121 50 6974
123 50 1333
125 50 1204
127 50 1247
129 50 3358
131 50 9485
133 50 4449
135 50 9797
137 50 4975
139 50 5743
141 50 628
143 50 9900
145 50 2227
147 50 1639
149 50 7329
151 50 7641
153 50 8061
155 50 6824
157 50 3123
159 50 4472
161 50 3429
163 50 4813
165 50 2571
167 50 1677
169 50 6460
171 50 5627
173 50 6918
175 50 2710
177 50 284
179 50 8856
181 50 4782
183 50 1183
185 50 2389
187 50 2506
189 50 5997
191 50 8876
193 50 4433
195 50 8417
197 50 3647
199 50 3080
101 51 6575
103 51 7006
105 51 997
107 51 638
109 51 2017
111 51 5865
113 51 776
115 51 9876
117 51 507
119 51 4414
121 51 2178
123 51 8331
125 51 2657
127 51 7284
129 51 3531
131 51 9165
133 51 5848
135 51 4280
137 51 6983
139 51 5683
141 51 3154
143 51 3027
145 51 8239
147 51 247
149 51 2229
151 51 7436
153 51 3570
155 51 966
157 51 6081
159 51 9740
161 51 4554
163 51 6419
165 51 6179
167 51 1376
169 51 7445
171 51 103
173 51 6912
175 51 2766
177 51 1860
179 51 1811
181 51 3358
183 51 3645
185 51 6115
187 51 8424
189 51 111
191 51 6277
193 51 3785
195 51 14
197 51 3502
199 51 2376
103 52 3249
105 52 7360
107 52 2702
109 52 7935
111 52 6032
113 52 4476
115 52 3710
117 52 4007
119 52 4092
121 52 848
123 52 8568
125 52 9883
127 52 9752
129 52 2074
131 52 4898
133 52 3459
135 52 665
137 52 4481
139 52 1367
141 52 3138
143 52 3542
145 52 6581
147 52 1487
149 52 7803
151 52 5358
153 52 6279
155 52 9292
157 52 4668
159 52 6988
161 52 1121
163 52 9023
165 52 3007
167 52 2369
169 52 8182
171 52 4069
173 52 1217
175 52 7563
177 52 2781
179 52 2486
181 52 995
183 52 7964
185 52 7498
187 52 7292
189 52 99
191 52 8368
193 52 1769
195 52 2098
197 52 3039
199 52 6445
105 53 6498
107 53 1416
109 53 3417
111 53 3996
113 53 5294
115 53 4316
117 53 8114
119 53 6156
121 53 3842
123 53 8424
125 53 6244
127 53 8876
129 53 4715
131 53 5573
133 53 9862
135 53 7641
137 53 1743
139 53 4505
141 53 3346
143 53 4369
145 53 1054
147 53 9622
149 53 4717
151 53 1800
153 53 2616
155 53 4304
157 53 5472
159 53 9454
161 53 2886
163 53 9731
165 53 140
167 53 9725
169 53 959
171 53 8061
173 53 2022
175 53 7280
177 53 4399
179 53 7433
181 53 4647
183 53 2496
185 53 416
187 53 25
189 53 6106
191 53 6391
193 53 8133
195 53 8858
197 53 6022
199 53 8783
107 54 3095
109 54 5927
111 54 5955
113 54 6262
115 54 629
117 54 1388
119 54 6185
121 54 1217
123 54 3555
125 54 7919
127 54 7923
129 54 125
131 54 2850
133 54 132
135 54 1446
137 54 826
139 54 987
141 54 1224
143 54 6087
145 54 7742
147 54 2821
149 54 3486
151 54 2091
153 54 3602
155 54 3294
157 54 3479
159 54 236
161 54 7523
163 54 5077
165 54 3792
167 54 7422
169 54 2343
171 54 3196
173 54 7570
175 54 9692
177 54 8249
179 54 3742
181 54 9251
183 54 1012
185 54 8580
187 54 9662
189 54 2846
191 54 2485
193 54 2596
195 54 739
197 54 3652
199 54 5410
109 55 6190
111 55 8143
113 55 6441
115 55 9785
117 55 5314
119 55 9617
121 55 7513
123 55 1643
125 55 1944
127 55 771
129 55 4350
131 55 6642
133 55 7675
135 55 3048
137 55 791
139 55 4903
141 55 4230
143 55 8691
145 55 7909
147 55 1426
149 55 8088
151 55 5116
153 55 4
155 55 6025
157 55 9544
159 55 8287
161 55 6933
163 55 8511
165 55 8264
167 55 4383
169 55 5390
171 55 2556
173 55 2698
175 55 1395
177 55 7180
179 55 9690
181 55 8572
183 55 3238
185 55 7176
187 55 7759
189 55 5592
191 55 348
193 55 9331
195 55 8550
197 55 1575
199 55 6534
111 56 2479
113 56 8864
115 56 4423
117 56 8112
119 56 3781
121 56 187
123 56 8319
125 56 9470
127 56 9470
129 56 6711
131 56 2883
133 56 3950
135 56 5568
137 56 5699
139 56 6502
141 56 4512
143 56 2585
145 56 1371
147 56 1587
149 56 4892
151 56 6189
153 56 1545
155 56 7543
157 56 5912
159 56 2658
161 56 3021
163 56 6732
165 56 6121
167 56 3499
169 56 894
171 56 5641
173 56 2513
175 56 2213
177 56 5295
179 56 6186
181 56 2176
183 56 9076
185 56 403
187 56 1000
189 56 2239
191 56 9114
193 56 8722
195 56 6716
197 56 194
199 56 8361
113 57 4958
115 57 2884
117 57 6787
119 57 6108
121 57 1510
123 57 6388
125 57 2467
127 57 1263
129 57 437
131 57 8168
133 57 1134
135 57 238
137 57 9107
139 57 9840
141 57 9214
143 57 8052
145 57 7582
147 57 1241
149 57 4080
151 57 9729
153 57 2428
155 57 5169
157 57 7526
159 57 6744
161 57 2597
163 57 5534
165 57 7901
167 57 3645
169 57 4058
171 57 9524
173 57 4703
175 57 3535
177 57 5010
179 57 3454
181 57 5196
183 57 3666
185 57 7656
187 57 2999
189 57 3145
191 57 5761
193 57 6151
195 57 5811
197 57 5792
199 57 521
115 58 15
117 58 5783
119 58 9471
121 58 7698
123 58 2127
125 58 1361
127 58 4250
129 58 2598
131 58 9294
133 58 637
135 58 4478
137 58 5843
139 58 6785
141 58 2321
143 58 7957
145 58 4824
147 58 6899
149 58 1812
151 58 9791
153 58 9803
155 58 4158
157 58 4682
159 58 9642
161 58 4463
163 58 8885
165 58 8676
167 58 2608
169 58 4021
171 58 5571
173 58 6644
175 58 6919
177 58 1168
179 58 5530
181 58 5450
183 58 8529
185 58 8711
187 58 4386
189 58 2290
191 58 2566
193 58 5549
195 58 6437
197 58 4522
199 58 266
117 59 30
119 59 1695
121 59 865
123 59 8115
125 59 6873
127 59 8533
129 59 144
131 59 6939
133 59 8206
135 59 4420
137 59 833
139 59 6845
141 59 4886
143 59 8761
145 59 7143
147 59 3272
149 59 8561
151 59 3262
153 59 492
155 59 8505
157 59 8490
159 59 8982
161 59 1752
163 59 7382
165 59 5117
167 59 3315
169 59 3363
171 59 4811
173 59 4895
175 59 4927
177 59 7998
179 59 921
181 59 6985
183 59 6175
185 59 2758
187 59 7851
189 59 2485
191 59 2453
193 59 7856
195 59 8072
197 59 5602
199 59 7067
119 60 60
121 60 3450
123 60 5240
125 60 5238
127 60 1721
129 60 3090
131 60 3486
133 60 8939
135 60 6292
137 60 3556
139 60 219
141 60 2434
143 60 8238
145 60 2260
147 60 7050
149 60 9328
151 60 9177
153 60 1424
155 60 7501
157 60 348
159 60 9137
161 60 4540
163 60 6813
165 60 4397
167 60 1629
169 60 6195
171 60 3439
173 60 7308
175 60 3080
177 60 8122
179 60 7071
181 60 1751
183 60 451
185 60 1103
187 60 660
189 60 7228
191 60 5647
193 60 5448
195 60 3849
197 60 5258
199 60 5947
121 61 120
123 61 7020
125 61 7719
127 61 5653
129 61 1751
131 61 6396
133 61 23
135 61 9463
137 61 9234
139 61 7007
141 61 7191
143 61 6833
145 61 9080
147 61 5330
149 61 5568
151 61 3912
153 61 9602
155 61 3133
157 61 6280
159 61 4116
161 61 2855
163 61 6618
165 61 8969
167 61 2592
169 61 9031
171 61 3327
173 61 5273
175 61 6382
177 61 6437
179 61 1952
181 61 9719
183 61 2665
185 61 7209
187 61 189
189 61 2854
191 61 1354
193 61 1084
195 61 5977
197 61 7931
199 61 9288
123 62 240
125 62 4379
127 62 255
129 62 6519
131 62 432
133 62 5904
135 62 2972
137 62 3201
139 62 9691
141 62 3605
143 62 3930
145 62 5010
147 62 1620
149 62 2738
151 62 215
153 62 2298
155 62 570
157 62 2358
159 62 6840
161 62 8766
163 62 4977
165 62 587
167 62 7398
169 62 1645
171 62 1676
173 62 6691
175 62 3334
177 62 554
179 62 1119
181 62 1055
183 62 8227
185 62 2713
187 62 5867
189 62 3068
191 62 3499
193 62 9283
195 62 63
197 62 466
199 62 7445
125 63 480
127 63 9238
129 63 327
131 63 3761
133 63 6026
135 63 5852
137 63 8154
139 63 2248
141 63 8885
143 63 8799
145 63 2490
147 63 6524
149 63 3958
151 63 7861
153 63 8750
155 63 2336
157 63 2085
159 63 8362
161 63 1068
163 63 8435
165 63 4405
167 63 8623
169 63 2823
171 63 6832
173 63 74
175 63 5378
177 63 5283
179 63 6193
181 63 4203
183 63 7281
185 63 4667
187 63 2700
189 63 5380
191 63 5483
193 63 3249
195 63 5691
197 63 6727
199 63 2968
127 64 960
129 64 9535
131 64 1248
133 64 423
135 64 7890
137 64 4420
139 64 1593
141 64 8709
143 64 3178
145 64 9062
147 64 2909
149 64 1436
151 64 4770
153 64 6739
155 64 5381
157 64 1890
159 64 7292
161 64 4479
163 64 1608
165 64 8704
167 64 4997
169 64 5757
171 64 7084
173 64 3345
175 64 3794
177 64 7131
179 64 269
181 64 3930
183 64 441
185 64 6129
187 64 4449
189 64 7094
191 64 8595
193 64 2403
195 64 3953
197 64 3301
199 64 4072
129 65 1920
131 65 1188
133 65 5604
135 65 1577
137 65 5234
139 65 273
141 65 8426
143 65 519
145 65 2730
147 65 5759
149 65 6479
151 65 3609
153 65 1836
155 65 5465
157 65 4337
159 65 6244
161 65 5213
163 65 8845
165 65 3470
167 65 2275
169 65 6725
171 65 2876
173 65 9065
175 65 7292
177 65 2651
179 65 9109
181 65 2890
183 65 3872
185 65 2936
187 65 131
189 65 3388
191 65 5571
193 65 2676
195 65 4811
197 65 3640
199 65 1038
131 66 3840
133 66 6216
135 66 1462
137 66 8611
139 66 2668
141 66 579
143 66 5806
145 66 2649
147 66 4973
149 66 1322
151 66 1474
153 66 4394
155 66 3776
157 66 6952
159 66 4928
161 66 1060
163 66 9675
165 66 508
167 66 9338
169 66 3363
171 66 2526
173 66 9596
175 66 1204
177 66 27
179 66 9496
181 66 4704
183 66 1925
185 66 4108
187 66 5449
189 66 8782
191 66 2568
193 66 675
195 66 10
197 66 1369
199 66 8674
133 67 7680
135 67 310
137 67 1013
139 67 4202
141 67 66
143 67 7611
145 67 3222
147 67 8927
149 67 9311
151 67 6735
153 67 4253
155 67 208
157 67 1945
159 67 2409
161 67 6847
163 67 8399
165 67 5240
167 67 4796
169 67 7527
171 67 7855
173 67 7688
175 67 5752
177 67 589
179 67 8388
181 67 2675
183 67 2191
185 67 2629
187 67 9055
189 67 7139
191 67 1485
193 67 8769
195 67 9118
197 67 3296
199 67 2788
135 68 5459
137 68 6079
139 68 3663
141 68 9262
143 68 3005
145 68 3022
147 68 7258
149 68 8631
151 68 8182
153 68 2610
155 68 2642
157 68 8588
159 68 6713
161 68 3883
163 68 2657
165 68 1483
167 68 7560
169 68 7405
171 68 2258
173 68 5272
175 68 2823
177 68 6263
179 68 6767
181 68 6970
183 68 5368
185 68 7459
187 68 1678
189 68 2383
191 68 7446
193 68 7266
195 68 5635
197 68 6552
199 68 100
137 69 1017
139 69 3274
141 69 1716
143 69 5746
145 69 5303
147 69 1628
149 69 1356
151 69 8823
153 69 7983
155 69 8074
157 69 6443
159 69 5646
161 69 8031
163 69 7629
165 69 8974
167 69 4061
169 69 5527
171 69 4111
173 69 8827
175 69 4597
177 69 9320
179 69 1277
181 69 190
183 69 36
185 69 6154
187 69 2741
189 69 8150
191 69 6138
193 69 8592
195 69 5897
197 69 6335
199 69 6818
139 70 2034
141 70 8582
143 70 4147
145 70 8487
147 70 1069
149 70 3383
151 70 2924
153 70 3040
155 70 5708
157 70 2318
159 70 6643
161 70 9012
163 70 9627
165 70 7320
167 70 2190
169 70 616
171 70 8305
173 70 8622
175 70 7908
177 70 7348
179 70 7205
181 70 3015
183 70 1895
185 70 737
187 70 5349
189 70 9588
191 70 2744
193 70 7202
195 70 2532
197 70 31
199 70 7230
141 71 4068
143 71 1430
145 71 3891
147 71 728
149 71 254
151 71 424
153 71 491
155 71 9187
157 71 2043
159 71 7316
161 71 5341
163 71 6932
165 71 3926
167 71 8088
169 71 4790
171 71 4403
173 71 800
175 71 310
177 71 6209
179 71 6833
181 71 922
183 71 3030
185 71 1330
187 71 5884
189 71 8212
191 71 2591
193 71 9654
195 71 399
197 71 6177
199 71 8922
143 72 8136
145 72 1095
147 72 7112
149 72 6133
151 72 7118
153 72 9088
155 72 6214
157 72 1056
159 72 5360
161 72 3912
163 72 7519
165 72 8948
167 72 6698
169 72 820
171 72 6342
173 72 7984
175 72 5736
177 72 588
179 72 4076
181 72 2727
183 72 3901
185 72 4981
187 72 8820
189 72 4929
191 72 6434
193 72 8332
195 72 1693
197 72 2226
199 72 7819
145 73 6371
147 73 8561
149 73 9354
151 73 3319
153 73 6579
155 73 563
157 73 4968
159 73 2548
161 73 8263
163 73 3575
165 73 69
167 73 7593
169 73 8892
171 73 3425
173 73 8257
175 73 8272
177 73 9837
179 73 3118
181 73 7825
183 73 4114
185 73 7743
187 73 2419
189 73 6124
191 73 9723
193 73 6300
195 73 4374
197 73 2856
199 73 831
147 74 2841
149 74 161
151 74 1908
153 74 4488
155 74 4378
157 74 4882
159 74 872
161 74 4987
163 74 1403
165 74 9666
167 74 9097
169 74 893
171 74 3570
173 74 1047
175 74 4410
177 74 6631
179 74 3884
181 74 9247
183 74 7221
185 74 9783
187 74 4716
189 74 6671
191 74 9631
193 74 6666
195 74 5123
197 74 8841
199 74 2659
149 75 5682
151 75 6004
153 75 5601
155 75 2242
157 75 7512
159 75 1674
161 75 9683
163 75 9358
165 75 5032
167 75 8017
169 75 1117
171 75 1275
173 75 8196
175 75 5495
177 75 9877
179 75 8024
181 75 6022
183 75 2944
185 75 3110
187 75 8163
189 75 3666
191 75 4667
193 75 4143
195 75 4848
197 75 186
199 75 3795
151 76 1463
153 76 3570
155 76 6334
157 76 7413
159 76 3622
161 76 5977
163 76 8669
165 76 4452
167 76 7073
169 76 5450
171 76 8879
173 76 2112
175 76 6802
177 76 2114
179 76 9326
181 76 6409
183 76 8504
185 76 7039
187 76 6897
189 76 8270
191 76 2452
193 76 9366
195 76 2834
197 76 9583
199 76 1929
153 77 2926
155 77 165
157 77 5858
159 77 6899
161 77 5258
163 77 8309
165 77 1175
167 77 3919
169 77 8535
171 77 3389
173 77 9025
175 77 622
177 77 2050
179 77 8847
181 77 524
183 77 2821
185 77 2302
187 77 1354
189 77 3690
191 77 141
193 77 64
195 77 8898
197 77 9675
199 77 3114
155 78 5852
157 78 6182
159 78 3948
161 78 5929
163 78 2611
165 78 7278
167 78 9832
169 78 8580
171 78 4780
173 78 2336
175 78 2697
177 78 6595
179 78 9238
181 78 3348
183 78 9709
185 78 291
187 78 4255
189 78 9495
191 78 6806
193 78 221
195 78 134
197 78 8014
199 78 7500
157 79 1803
159 79 4266
161 79 4064
163 79 3992
165 79 1122
167 79 5063
169 79 1484
171 79 5123
173 79 1017
175 79 8898
177 79 801
179 79 375
181 79 1011
183 79 7421
185 79 9100
187 79 9203
189 79 3673
191 79 8753
193 79 9779
195 79 12
197 79 238
199 79 6003
159 80 3606
161 80 2237
163 80 4070
165 80 1701
167 80 816
169 80 3244
171 80 5629
173 80 2716
175 80 8452
177 80 715
179 80 4073
181 80 4674
183 80 1450
185 80 9067
187 80 7341
189 80 227
191 80 9229
193 80 2235
195 80 9041
197 80 9841
199 80 9653
161 81 7212
163 81 1785
165 81 7236
167 81 7045
169 81 6038
171 81 5322
173 81 4742
175 81 2935
177 81 5442
179 81 4942
181 81 7848
183 81 8757
185 81 8252
187 81 7985
189 81 3246
191 81 3766
193 81 9062
195 81 8669
197 81 9733
199 81 8453
163 82 4523
165 82 8093
167 82 7286
169 82 8812
171 82 7569
173 82 6770
175 82 4907
177 82 6779
179 82 7024
181 82 9305
183 82 8719
185 82 803
187 82 9405
189 82 6831
191 82 6624
193 82 1010
195 82 8398
197 82 3104
199 82 7245
165 83 9046
167 83 5430
169 83 9246
171 83 887
173 83 2153
175 83 747
177 83 1818
179 83 2181
181 83 8743
183 83 5848
185 83 6182
187 83 5604
189 83 1524
191 83 264
193 83 6758
195 83 350
197 83 1235
199 83 5261
167 84 8191
169 84 9150
171 84 6130
173 84 3733
175 84 4117
177 84 3810
179 84 6949
181 84 9192
183 84 4179
185 84 7191
187 84 7996
189 84 5032
191 84 2907
193 84 6822
195 84 6561
197 84 8482
199 84 8007
169 85 6481
171 85 4979
173 85 3918
175 85 9523
177 85 4632
179 85 6626
181 85 9660
183 85 3089
185 85 891
187 85 1165
189 85 7450
191 85 9619
193 85 2687
195 85 5892
197 85 5663
199 85 1173
171 86 3061
173 86 3118
175 86 4114
177 86 2697
179 86 7913
181 86 1425
183 86 9014
185 86 4868
187 86 3269
189 86 2718
191 86 9011
193 86 3647
195 86 4298
197 86 4884
199 86 8022
173 87 6122
175 87 2457
177 87 6906
179 87 7199
181 87 6049
183 87 9091
185 87 7281
187 87 2974
189 87 776
191 87 8024
193 87 8422
195 87 7749
197 87 6002
199 87 3293
175 88 2343
177 88 7257
179 88 3610
181 88 248
183 88 2581
185 88 8209
187 88 6278
189 88 8278
191 88 5176
193 88 602
195 88 910
197 88 4713
199 88 6852
177 89 4686
179 89 9299
181 89 1403
183 89 768
185 89 9757
187 89 3234
189 89 4660
191 89 7248
193 89 8712
195 89 7736
197 89 8133
199 89 9498
179 90 9372
181 90 8168
183 90 544
185 90 9190
187 90 3335
189 90 4010
191 90 1186
193 90 6621
195 90 3163
197 90 2725
199 90 144
181 91 8843
183 91 5377
185 91 5407
187 91 7246
189 91 4985
191 91 3534
193 91 4052
195 91 1181
197 91 4209
199 91 7360
183 92 7785
185 92 8638
187 92 7435
189 92 6531
191 92 929
193 92 3360
195 92 5581
197 92 5667
199 92 3820
185 93 5669
187 93 3143
189 93 3880
191 93 1720
193 93 2485
195 93 4855
197 93 6610
199 93 705
187 94 1437
189 94 7723
191 94 7019
193 94 1254
195 94 6171
197 94 797
199 94 8445
189 95 2874
191 95 8419
193 95 5529
195 95 2402
197 95 1976
199 95 351
191 96 5748
193 96 2784
195 96 9689
197 96 8971
199 96 7415
193 97 1595
195 97 7163
197 97 8334
199 97 6926
195 98 3190
197 98 7615
199 98 7671
197 99 6380
199 99 1808
199 100 2859
5024
